Using pre-set license
Built from '2021.3/staging' branch; Version is '2021.3.29f1 (204d6dc9ae1c) revision 2116973'; Using compiler version '192829333'; Build Type 'Release'
OS: 'Windows 11  (10.0.22631) 64bit Professional' Language: 'en' Physical Memory: 16055 MB
BatchMode: 1, IsHumanControllingUs: 0, StartBugReporterOnCrash: 0, Is64bit: 1, IsPro: 1

COMMAND LINE ARGUMENTS:
C:\Program Files\Unity\Hub\Editor\2021.3.29f1\Editor\Unity.exe
-adb2
-batchMode
-noUpm
-name
AssetImportWorker11
-projectPath
C:/Users/juanr/OneDrive/Documents/AppCompras/ARP Euhphoria
-logFile
Logs/AssetImportWorker11.log
-srvPort
62560
Successfully changed project path to: C:/Users/juanr/OneDrive/Documents/AppCompras/ARP Euhphoria
C:/Users/juanr/OneDrive/Documents/AppCompras/ARP Euhphoria
[UnityMemory] Configuration Parameters - Can be set up in boot.config
    "memorysetup-bucket-allocator-granularity=16"
    "memorysetup-bucket-allocator-bucket-count=8"
    "memorysetup-bucket-allocator-block-size=33554432"
    "memorysetup-bucket-allocator-block-count=8"
    "memorysetup-main-allocator-block-size=16777216"
    "memorysetup-thread-allocator-block-size=16777216"
    "memorysetup-gfx-main-allocator-block-size=16777216"
    "memorysetup-gfx-thread-allocator-block-size=16777216"
    "memorysetup-cache-allocator-block-size=4194304"
    "memorysetup-typetree-allocator-block-size=2097152"
    "memorysetup-profiler-bucket-allocator-granularity=16"
    "memorysetup-profiler-bucket-allocator-bucket-count=8"
    "memorysetup-profiler-bucket-allocator-block-size=33554432"
    "memorysetup-profiler-bucket-allocator-block-count=8"
    "memorysetup-profiler-allocator-block-size=16777216"
    "memorysetup-profiler-editor-allocator-block-size=1048576"
    "memorysetup-temp-allocator-size-main=16777216"
    "memorysetup-job-temp-allocator-block-size=2097152"
    "memorysetup-job-temp-allocator-block-size-background=1048576"
    "memorysetup-job-temp-allocator-reduction-small-platforms=262144"
    "memorysetup-temp-allocator-size-background-worker=32768"
    "memorysetup-temp-allocator-size-job-worker=262144"
    "memorysetup-temp-allocator-size-preload-manager=33554432"
    "memorysetup-temp-allocator-size-nav-mesh-worker=65536"
    "memorysetup-temp-allocator-size-audio-worker=65536"
    "memorysetup-temp-allocator-size-cloud-worker=32768"
    "memorysetup-temp-allocator-size-gi-baking-worker=262144"
    "memorysetup-temp-allocator-size-gfx=262144"
Player connection [60036] Host "[IP] 192.168.56.1 [Port] 0 [Flags] 2 [Guid] 989290391 [EditorId] 989290391 [Version] 1048832 [Id] WindowsEditor(7,XPS15) [Debug] 1 [PackageName] WindowsEditor [ProjectName] Editor" joined multi-casting on [225.0.0.222:54997]...

Player connection [60036] Host "[IP] 192.168.56.1 [Port] 0 [Flags] 2 [Guid] 989290391 [EditorId] 989290391 [Version] 1048832 [Id] WindowsEditor(7,XPS15) [Debug] 1 [PackageName] WindowsEditor [ProjectName] Editor" joined alternative multi-casting on [225.0.0.222:34997]...

Refreshing native plugins compatible for Editor in 83.23 ms, found 6 plugins.
Preloading 2 native plugins for Editor in 3.79 ms.
Initialize engine version: 2021.3.29f1 (204d6dc9ae1c)
[Subsystems] Discovering subsystems at path C:/Program Files/Unity/Hub/Editor/2021.3.29f1/Editor/Data/Resources/UnitySubsystems
[Subsystems] Discovering subsystems at path C:/Users/juanr/OneDrive/Documents/AppCompras/ARP Euhphoria/Assets
GfxDevice: creating device client; threaded=0; jobified=0
Direct3D:
    Version:  Direct3D 11.0 [level 11.1]
    Renderer: NVIDIA GeForce RTX 3050 Laptop GPU (ID=0x25a2)
    Vendor:   NVIDIA
    VRAM:     3965 MB
    Driver:   32.0.15.5612
Initialize mono
Mono path[0] = 'C:/Program Files/Unity/Hub/Editor/2021.3.29f1/Editor/Data/Managed'
Mono path[1] = 'C:/Program Files/Unity/Hub/Editor/2021.3.29f1/Editor/Data/MonoBleedingEdge/lib/mono/unityjit-win32'
Mono config path = 'C:/Program Files/Unity/Hub/Editor/2021.3.29f1/Editor/Data/MonoBleedingEdge/etc'
Using monoOptions --debugger-agent=transport=dt_socket,embedding=1,server=y,suspend=n,address=127.0.0.1:56892
Begin MonoManager ReloadAssembly
Registering precompiled unity dll's ...
Register platform support module: C:/Program Files/Unity/Hub/Editor/2021.3.29f1/Editor/Data/PlaybackEngines/AndroidPlayer/UnityEditor.Android.Extensions.dll
Register platform support module: C:/Program Files/Unity/Hub/Editor/2021.3.29f1/Editor/Data/PlaybackEngines/iOSSupport/UnityEditor.iOS.Extensions.dll
Register platform support module: C:/Program Files/Unity/Hub/Editor/2021.3.29f1/Editor/Data/PlaybackEngines/WindowsStandaloneSupport/UnityEditor.WindowsStandalone.Extensions.dll
Registered in 0.008144 seconds.
Native extension for WindowsStandalone target not found
[usbmuxd] Start listen thread
[usbmuxd] Listen thread started
Native extension for iOS target not found
Native extension for Android target not found
Android Extension - Scanning For ADB Devices 524 ms
Refreshing native plugins compatible for Editor in 105.38 ms, found 6 plugins.
Preloading 2 native plugins for Editor in 0.25 ms.
Mono: successfully reloaded assembly
- Completed reload, in  1.441 seconds
Domain Reload Profiling:
	ReloadAssembly (1442ms)
		BeginReloadAssembly (113ms)
			ExecutionOrderSort (0ms)
			DisableScriptedObjects (0ms)
			BackupInstance (0ms)
			ReleaseScriptingObjects (0ms)
			CreateAndSetChildDomain (1ms)
		EndReloadAssembly (1215ms)
			LoadAssemblies (111ms)
			RebuildTransferFunctionScriptingTraits (0ms)
			SetupTypeCache (127ms)
			ReleaseScriptCaches (0ms)
			RebuildScriptCaches (38ms)
			SetupLoadedEditorAssemblies (976ms)
				LogAssemblyErrors (0ms)
				InitializePlatformSupportModulesInManaged (671ms)
				SetLoadedEditorAssemblies (0ms)
				RefreshPlugins (106ms)
				BeforeProcessingInitializeOnLoad (2ms)
				ProcessInitializeOnLoadAttributes (129ms)
				ProcessInitializeOnLoadMethodAttributes (68ms)
				AfterProcessingInitializeOnLoad (0ms)
				EditorAssembliesLoaded (0ms)
			ExecutionOrderSort2 (0ms)
			AwakeInstancesAfterBackupRestoration (0ms)
Platform modules already initialized, skipping
Registering precompiled user dll's ...
Registered in 0.014532 seconds.
Begin MonoManager ReloadAssembly
Symbol file LoadedFromMemory doesn't match image C:\Users\juanr\OneDrive\Documents\AppCompras\ARP Euhphoria\Library\PackageCache\com.unity.visualscripting@1.8.0\Editor\VisualScripting.Core\Dependencies\YamlDotNet\Unity.VisualScripting.YamlDotNet.dll
Symbol file LoadedFromMemory doesn't match image C:\Users\juanr\OneDrive\Documents\AppCompras\ARP Euhphoria\Library\PackageCache\com.unity.visualscripting@1.8.0\Editor\VisualScripting.Core\Dependencies\DotNetZip\Unity.VisualScripting.IonicZip.dll
Symbol file LoadedFromMemory is not a mono symbol file
Native extension for WindowsStandalone target not found
Native extension for iOS target not found
Native extension for Android target not found
Refreshing native plugins compatible for Editor in 0.79 ms, found 6 plugins.
Preloading 2 native plugins for Editor in 0.22 ms.
Mono: successfully reloaded assembly
- Completed reload, in  1.831 seconds
Domain Reload Profiling:
	ReloadAssembly (1832ms)
		BeginReloadAssembly (185ms)
			ExecutionOrderSort (0ms)
			DisableScriptedObjects (14ms)
			BackupInstance (0ms)
			ReleaseScriptingObjects (0ms)
			CreateAndSetChildDomain (25ms)
		EndReloadAssembly (1473ms)
			LoadAssemblies (142ms)
			RebuildTransferFunctionScriptingTraits (0ms)
			SetupTypeCache (354ms)
			ReleaseScriptCaches (1ms)
			RebuildScriptCaches (80ms)
			SetupLoadedEditorAssemblies (842ms)
				LogAssemblyErrors (0ms)
				InitializePlatformSupportModulesInManaged (52ms)
				SetLoadedEditorAssemblies (1ms)
				RefreshPlugins (1ms)
				BeforeProcessingInitializeOnLoad (103ms)
				ProcessInitializeOnLoadAttributes (639ms)
				ProcessInitializeOnLoadMethodAttributes (35ms)
				AfterProcessingInitializeOnLoad (11ms)
				EditorAssembliesLoaded (0ms)
			ExecutionOrderSort2 (0ms)
			AwakeInstancesAfterBackupRestoration (9ms)
Platform modules already initialized, skipping
========================================================================
Worker process is ready to serve import requests
Launched and connected shader compiler UnityShaderCompiler.exe after 0.13 seconds
Refreshing native plugins compatible for Editor in 0.90 ms, found 6 plugins.
Preloading 2 native plugins for Editor in 0.17 ms.
Unloading 2987 Unused Serialized files (Serialized files now loaded: 0)
Unloading 47 unused Assets / (80.5 KB). Loaded Objects now: 3749.
Memory consumption went from 117.0 MB to 116.9 MB.
Total: 4.220600 ms (FindLiveObjects: 0.253000 ms CreateObjectMapping: 0.120100 ms MarkObjects: 3.694100 ms  DeleteObjects: 0.151900 ms)

AssetImportParameters requested are different than current active one (requested -> active):
  custom:video-decoder-ogg-theora: a1e56fd34408186e4bbccfd4996cb3dc -> 
  custom:container-muxer-webm: aa71ff27fc2769a1b78a27578f13a17b -> 
  custom:container-demuxer-webm: 4f35f7cbe854078d1ac9338744f61a02 -> 
  custom:video-encoder-webm-vp8: eb34c28f22e8b96e1ab97ce403110664 -> 
  custom:video-codec-MediaFoundation-h265: 746d11721c4dcdbdad8f713fa42b33f4 -> 
  custom:CustomObjectIndexerAttribute: bc11b3a6c3213fcdd17b65e7da85e133 -> 
  custom:audio-encoder-webm-vorbis: bf7c407c2cedff20999df2af8eb42d56 -> 
  custom:framework-win-MediaFoundation: 216162199b28c13a410421893ffa2e32 -> 
  custom:container-demuxer-ogg: 62fdf1f143b41e24485cea50d1cbac27 -> 
  custom:video-decoder-webm-vp8: 9c59270c3fd7afecdb556c50c9e8de78 -> 
  custom:audio-decoder-ogg-vorbis: bf7c407c2cedff20999df2af8eb42d56 -> 
========================================================================
Received Import Request.
  Time since last request: 3562447.858802 seconds.
  path: Assets/Dark UI/New Icons/White Device Vibration.png
  artifactKey: Guid(ddff5c531fde7eb4da016e8783618b28) Importer(815301076,1909f56bfc062723c751e8b465ee728b)
Start importing Assets/Dark UI/New Icons/White Device Vibration.png using Guid(ddff5c531fde7eb4da016e8783618b28) Importer(815301076,1909f56bfc062723c751e8b465ee728b)  -> (artifact id: 'd2fc734bdd9dbefa1c8f7b685b0356a1') in 0.248541 seconds 
========================================================================
Received Import Request.
  Time since last request: 0.000050 seconds.
  path: Assets/Dark UI/New Icons/White Expand.png
  artifactKey: Guid(07230c17de668be488c33476fe450846) Importer(815301076,1909f56bfc062723c751e8b465ee728b)
Start importing Assets/Dark UI/New Icons/White Expand.png using Guid(07230c17de668be488c33476fe450846) Importer(815301076,1909f56bfc062723c751e8b465ee728b)  -> (artifact id: '5dae7acf1b494562644ce961774c6ddc') in 0.069167 seconds 
========================================================================
Received Import Request.
  Time since last request: 0.461546 seconds.
  path: Assets/Dark UI/New Icons/White Explosion.png
  artifactKey: Guid(18943fa978f425d4b9c59d52ef459559) Importer(815301076,1909f56bfc062723c751e8b465ee728b)
Start importing Assets/Dark UI/New Icons/White Explosion.png using Guid(18943fa978f425d4b9c59d52ef459559) Importer(815301076,1909f56bfc062723c751e8b465ee728b)  -> (artifact id: '14fb9c42b7950e5cedf4dbbcbb0ca1c9') in 0.106920 seconds 
========================================================================
Received Import Request.
  Time since last request: 0.000026 seconds.
  path: Assets/Dark UI/New Icons/White Folder 2.png
  artifactKey: Guid(7d7a478af16c6d147ad4f8f969ae50b1) Importer(815301076,1909f56bfc062723c751e8b465ee728b)
Start importing Assets/Dark UI/New Icons/White Folder 2.png using Guid(7d7a478af16c6d147ad4f8f969ae50b1) Importer(815301076,1909f56bfc062723c751e8b465ee728b)  -> (artifact id: '449808298fd6cff68d8aa4096aee7de4') in 0.067287 seconds 
========================================================================
Received Import Request.
  Time since last request: 0.000039 seconds.
  path: Assets/Dark UI/New Icons/White Gear 2.png
  artifactKey: Guid(8152721df6350f74b920a9565a5aecb4) Importer(815301076,1909f56bfc062723c751e8b465ee728b)
Start importing Assets/Dark UI/New Icons/White Gear 2.png using Guid(8152721df6350f74b920a9565a5aecb4) Importer(815301076,1909f56bfc062723c751e8b465ee728b)  -> (artifact id: '105571b6226f838fc2cbae8bd734c3f2') in 0.066485 seconds 
========================================================================
Received Import Request.
  Time since last request: 0.000045 seconds.
  path: Assets/Dark UI/New Icons/White Find.png
  artifactKey: Guid(3eae76878c07dea4fb91e571976ca514) Importer(815301076,1909f56bfc062723c751e8b465ee728b)
Start importing Assets/Dark UI/New Icons/White Find.png using Guid(3eae76878c07dea4fb91e571976ca514) Importer(815301076,1909f56bfc062723c751e8b465ee728b)  -> (artifact id: 'f9bc1a0cac6787760e874b45334665dc') in 0.065830 seconds 
========================================================================
Received Import Request.
  Time since last request: 0.000029 seconds.
  path: Assets/Dark UI/New Icons/White Gear 1.png
  artifactKey: Guid(4b94d7f6694c89540b680526f83dcfdc) Importer(815301076,1909f56bfc062723c751e8b465ee728b)
Start importing Assets/Dark UI/New Icons/White Gear 1.png using Guid(4b94d7f6694c89540b680526f83dcfdc) Importer(815301076,1909f56bfc062723c751e8b465ee728b)  -> (artifact id: '0fb6e3857596457fa821a585b9426437') in 0.059488 seconds 
========================================================================
Received Import Request.
  Time since last request: 0.356819 seconds.
  path: Assets/Dark UI/New Icons/White Gift.png
  artifactKey: Guid(0a9348ff9de6b7c4db0399ea17e32017) Importer(815301076,1909f56bfc062723c751e8b465ee728b)
Start importing Assets/Dark UI/New Icons/White Gift.png using Guid(0a9348ff9de6b7c4db0399ea17e32017) Importer(815301076,1909f56bfc062723c751e8b465ee728b)  -> (artifact id: '3bd2eceedbbd42d5766f9f077d9502ec') in 0.120953 seconds 
========================================================================
Received Import Request.
  Time since last request: 0.000039 seconds.
  path: Assets/Dark UI/New Icons/White Hammer 2.png
  artifactKey: Guid(e9eb87fd4962a704faf3ec8c2912c635) Importer(815301076,1909f56bfc062723c751e8b465ee728b)
Start importing Assets/Dark UI/New Icons/White Hammer 2.png using Guid(e9eb87fd4962a704faf3ec8c2912c635) Importer(815301076,1909f56bfc062723c751e8b465ee728b)  -> (artifact id: '20be64bd571efb37097282c1ba471087') in 0.065628 seconds 
========================================================================
Received Import Request.
  Time since last request: 0.013766 seconds.
  path: Assets/Dark UI/New Icons/White Heart 3.png
  artifactKey: Guid(96abe9144609545419e18f668c98e5b3) Importer(815301076,1909f56bfc062723c751e8b465ee728b)
Start importing Assets/Dark UI/New Icons/White Heart 3.png using Guid(96abe9144609545419e18f668c98e5b3) Importer(815301076,1909f56bfc062723c751e8b465ee728b)  -> (artifact id: '2d37ca332bfd4edbe3c772611e2bedf1') in 0.063108 seconds 
========================================================================
Received Import Request.
  Time since last request: 0.000022 seconds.
  path: Assets/Dark UI/New Icons/White Home.png
  artifactKey: Guid(83c65dcb40aa76c4c83e56e61f0fa50a) Importer(815301076,1909f56bfc062723c751e8b465ee728b)
Start importing Assets/Dark UI/New Icons/White Home.png using Guid(83c65dcb40aa76c4c83e56e61f0fa50a) Importer(815301076,1909f56bfc062723c751e8b465ee728b)  -> (artifact id: '839a7f084545f92d75fa8b1f26a0f2ba') in 0.068634 seconds 
========================================================================
Received Import Request.
  Time since last request: 0.322140 seconds.
  path: Assets/Dark UI/New Icons/White Information.png
  artifactKey: Guid(46712e23d71a3994d906c3660e5f528c) Importer(815301076,1909f56bfc062723c751e8b465ee728b)
Start importing Assets/Dark UI/New Icons/White Information.png using Guid(46712e23d71a3994d906c3660e5f528c) Importer(815301076,1909f56bfc062723c751e8b465ee728b)  -> (artifact id: 'a1d82d923b0b6286f2c67d081f517d06') in 0.117542 seconds 
========================================================================
Received Import Request.
  Time since last request: 0.000058 seconds.
  path: Assets/Dark UI/New Icons/White Level 1.png
  artifactKey: Guid(896be68e4b2f49642bdf2adaf68ac8b9) Importer(815301076,1909f56bfc062723c751e8b465ee728b)
Start importing Assets/Dark UI/New Icons/White Level 1.png using Guid(896be68e4b2f49642bdf2adaf68ac8b9) Importer(815301076,1909f56bfc062723c751e8b465ee728b)  -> (artifact id: 'c03dc099dcbf838dcf20d8dce8b37d31') in 0.071527 seconds 
========================================================================
Received Import Request.
  Time since last request: 0.000030 seconds.
  path: Assets/Dark UI/New Icons/White Left.png
  artifactKey: Guid(594213794742f464abbdfe38f0fdcaf6) Importer(815301076,1909f56bfc062723c751e8b465ee728b)
Start importing Assets/Dark UI/New Icons/White Left.png using Guid(594213794742f464abbdfe38f0fdcaf6) Importer(815301076,1909f56bfc062723c751e8b465ee728b)  -> (artifact id: 'e2fa6923553bdc2b5d29dabf8234b9ee') in 0.069292 seconds 
========================================================================
Received Import Request.
  Time since last request: 0.000045 seconds.
  path: Assets/Dark UI/New Icons/White Menu 2.png
  artifactKey: Guid(8dce6b83a1bc84447b30d011580848e5) Importer(815301076,1909f56bfc062723c751e8b465ee728b)
Start importing Assets/Dark UI/New Icons/White Menu 2.png using Guid(8dce6b83a1bc84447b30d011580848e5) Importer(815301076,1909f56bfc062723c751e8b465ee728b)  -> (artifact id: '0fbcda298667355b7712baee1261464d') in 0.057565 seconds 
========================================================================
Received Import Request.
  Time since last request: 0.000030 seconds.
  path: Assets/Dark UI/New Icons/White Light.png
  artifactKey: Guid(256fb8f6fc4c4bd4faf89a2d01947f02) Importer(815301076,1909f56bfc062723c751e8b465ee728b)
Start importing Assets/Dark UI/New Icons/White Light.png using Guid(256fb8f6fc4c4bd4faf89a2d01947f02) Importer(815301076,1909f56bfc062723c751e8b465ee728b)  -> (artifact id: '9f0187d2389b30a715a7f3fa14965dc3') in 0.067044 seconds 
========================================================================
Received Import Request.
  Time since last request: 0.265361 seconds.
  path: Assets/Dark UI/New Icons/White Message 2.png
  artifactKey: Guid(2ed76750890eee843ac757621dba82e0) Importer(815301076,1909f56bfc062723c751e8b465ee728b)
Start importing Assets/Dark UI/New Icons/White Message 2.png using Guid(2ed76750890eee843ac757621dba82e0) Importer(815301076,1909f56bfc062723c751e8b465ee728b)  -> (artifact id: 'bf7a2234b2829ca9a87d185a341c97d6') in 0.065505 seconds 
========================================================================
Received Import Request.
  Time since last request: 0.000023 seconds.
  path: Assets/Dark UI/New Icons/White Move Right.png
  artifactKey: Guid(010e7d5e0141d2f43baad877efda2e88) Importer(815301076,1909f56bfc062723c751e8b465ee728b)
Start importing Assets/Dark UI/New Icons/White Move Right.png using Guid(010e7d5e0141d2f43baad877efda2e88) Importer(815301076,1909f56bfc062723c751e8b465ee728b)  -> (artifact id: '6edbc989a977aaadbbdc8e47f00401ab') in 0.037811 seconds 
========================================================================
Received Import Request.
  Time since last request: 0.530574 seconds.
  path: Assets/Dark UI/New Icons/White Move Up.png
  artifactKey: Guid(36bda6e11a324274d82ad68797ec4f63) Importer(815301076,1909f56bfc062723c751e8b465ee728b)
Start importing Assets/Dark UI/New Icons/White Move Up.png using Guid(36bda6e11a324274d82ad68797ec4f63) Importer(815301076,1909f56bfc062723c751e8b465ee728b)  -> (artifact id: 'f535a2c823a891a9a1d7ab5d2c247fe0') in 0.057888 seconds 
========================================================================
Received Import Request.
  Time since last request: 0.000019 seconds.
  path: Assets/Dark UI/New Icons/White Pie Chart.png
  artifactKey: Guid(36bb148c6f5777247965a52be667ffbd) Importer(815301076,1909f56bfc062723c751e8b465ee728b)
Start importing Assets/Dark UI/New Icons/White Pie Chart.png using Guid(36bb148c6f5777247965a52be667ffbd) Importer(815301076,1909f56bfc062723c751e8b465ee728b)  -> (artifact id: 'd0bf8f8ab996bcfc8f497ee12360c2a6') in 0.042903 seconds 
========================================================================
Received Import Request.
  Time since last request: 0.000022 seconds.
  path: Assets/Dark UI/New Icons/White Number Sign.png
  artifactKey: Guid(397fe1f6355c6034d88a2f86fe4d3707) Importer(815301076,1909f56bfc062723c751e8b465ee728b)
Start importing Assets/Dark UI/New Icons/White Number Sign.png using Guid(397fe1f6355c6034d88a2f86fe4d3707) Importer(815301076,1909f56bfc062723c751e8b465ee728b)  -> (artifact id: '258cfc3e833602d2624b14dbb4dc6d3a') in 0.041903 seconds 
========================================================================
Received Import Request.
  Time since last request: 0.000044 seconds.
  path: Assets/Dark UI/New Icons/White Plus.png
  artifactKey: Guid(c8f0ee3738f14cf4ba9523f1e85cd893) Importer(815301076,1909f56bfc062723c751e8b465ee728b)
Start importing Assets/Dark UI/New Icons/White Plus.png using Guid(c8f0ee3738f14cf4ba9523f1e85cd893) Importer(815301076,1909f56bfc062723c751e8b465ee728b)  -> (artifact id: '41e8886f4c0a10014c3528b9e76a6b78') in 0.038743 seconds 
========================================================================
Received Import Request.
  Time since last request: 0.000035 seconds.
  path: Assets/Dark UI/New Icons/White Pole.png
  artifactKey: Guid(d7b9ea3e556d6f3488ecee11fdbdf3b9) Importer(815301076,1909f56bfc062723c751e8b465ee728b)
Start importing Assets/Dark UI/New Icons/White Pole.png using Guid(d7b9ea3e556d6f3488ecee11fdbdf3b9) Importer(815301076,1909f56bfc062723c751e8b465ee728b)  -> (artifact id: '2daa416e61a553365615a5a73eee868f') in 0.035475 seconds 
========================================================================
Received Import Request.
  Time since last request: 0.000035 seconds.
  path: Assets/Dark UI/New Icons/White Person.png
  artifactKey: Guid(75ac4b2da36a0bb4dafaa37e921ebd60) Importer(815301076,1909f56bfc062723c751e8b465ee728b)
Start importing Assets/Dark UI/New Icons/White Person.png using Guid(75ac4b2da36a0bb4dafaa37e921ebd60) Importer(815301076,1909f56bfc062723c751e8b465ee728b)  -> (artifact id: '76e5a77b4b7161d4ebbdbaf62c585e0a') in 0.035816 seconds 
========================================================================
Received Import Request.
  Time since last request: 0.000023 seconds.
  path: Assets/Dark UI/New Icons/White News.png
  artifactKey: Guid(0470d62f1f469ad47b2129a2aa63d847) Importer(815301076,1909f56bfc062723c751e8b465ee728b)
Start importing Assets/Dark UI/New Icons/White News.png using Guid(0470d62f1f469ad47b2129a2aa63d847) Importer(815301076,1909f56bfc062723c751e8b465ee728b)  -> (artifact id: '1cff0fa71e0a30402167f53b7b9b891f') in 0.042286 seconds 
========================================================================
Received Import Request.
  Time since last request: 0.420709 seconds.
  path: Assets/Dark UI/New Icons/White Potion 2.png
  artifactKey: Guid(da84f20f8bcee2e43956fcd33ce9674a) Importer(815301076,1909f56bfc062723c751e8b465ee728b)
Start importing Assets/Dark UI/New Icons/White Potion 2.png using Guid(da84f20f8bcee2e43956fcd33ce9674a) Importer(815301076,1909f56bfc062723c751e8b465ee728b)  -> (artifact id: '267616b9b7588ac38c3d6c81c133c84f') in 0.047220 seconds 
========================================================================
Received Import Request.
  Time since last request: 0.000021 seconds.
  path: Assets/Dark UI/New Icons/White Questions 1.png
  artifactKey: Guid(680e9b1dee678594a9afacc5ee31912d) Importer(815301076,1909f56bfc062723c751e8b465ee728b)
Start importing Assets/Dark UI/New Icons/White Questions 1.png using Guid(680e9b1dee678594a9afacc5ee31912d) Importer(815301076,1909f56bfc062723c751e8b465ee728b)  -> (artifact id: '8bf6b3adab916b8cb4448a23ef6c1286') in 0.041919 seconds 
========================================================================
Received Import Request.
  Time since last request: 0.573015 seconds.
  path: Assets/Dark UI/New Icons/White Quiver.png
  artifactKey: Guid(4fc864b338388bb4e9ac8685388b15cd) Importer(815301076,1909f56bfc062723c751e8b465ee728b)
Start importing Assets/Dark UI/New Icons/White Quiver.png using Guid(4fc864b338388bb4e9ac8685388b15cd) Importer(815301076,1909f56bfc062723c751e8b465ee728b)  -> (artifact id: 'dadddef2f491f36999e50bce001abca7') in 0.073904 seconds 
========================================================================
Received Import Request.
  Time since last request: 0.000020 seconds.
  path: Assets/Dark UI/New Icons/White Ribbon.png
  artifactKey: Guid(5f6ac321af880674cbe43fffb520a208) Importer(815301076,1909f56bfc062723c751e8b465ee728b)
Start importing Assets/Dark UI/New Icons/White Ribbon.png using Guid(5f6ac321af880674cbe43fffb520a208) Importer(815301076,1909f56bfc062723c751e8b465ee728b)  -> (artifact id: 'dd542cb10de62ddff2c4809ca9c4bdc7') in 0.040614 seconds 
========================================================================
Received Import Request.
  Time since last request: 0.467998 seconds.
  path: Assets/Dark UI/New Icons/White Sad 1.png
  artifactKey: Guid(c66141a215c08e347882017d498f50e1) Importer(815301076,1909f56bfc062723c751e8b465ee728b)
Start importing Assets/Dark UI/New Icons/White Sad 1.png using Guid(c66141a215c08e347882017d498f50e1) Importer(815301076,1909f56bfc062723c751e8b465ee728b)  -> (artifact id: 'f107a6810bae85e3ab827ff7460c7495') in 0.059420 seconds 
========================================================================
Received Import Request.
  Time since last request: 0.000028 seconds.
  path: Assets/Dark UI/New Icons/White Shield 1.png
  artifactKey: Guid(cfa89327fe807f744bfb2f4f4e95a2ec) Importer(815301076,1909f56bfc062723c751e8b465ee728b)
Start importing Assets/Dark UI/New Icons/White Shield 1.png using Guid(cfa89327fe807f744bfb2f4f4e95a2ec) Importer(815301076,1909f56bfc062723c751e8b465ee728b)  -> (artifact id: '51fcbf10be877524170b67110b4b2efa') in 0.039982 seconds 
========================================================================
Received Import Request.
  Time since last request: 0.000023 seconds.
  path: Assets/Dark UI/New Icons/White Select.png
  artifactKey: Guid(6c5836c8c1310914b85347abf9a4dc63) Importer(815301076,1909f56bfc062723c751e8b465ee728b)
Start importing Assets/Dark UI/New Icons/White Select.png using Guid(6c5836c8c1310914b85347abf9a4dc63) Importer(815301076,1909f56bfc062723c751e8b465ee728b)  -> (artifact id: '421c15cb9cf11ef00bf2e44a9d5c2e02') in 0.038452 seconds 
========================================================================
Received Import Request.
  Time since last request: 1.079986 seconds.
  path: Assets/Dark UI/New Icons/White Signal.png
  artifactKey: Guid(9fde4f0d732b6bc458d381082b48cafc) Importer(815301076,1909f56bfc062723c751e8b465ee728b)
Start importing Assets/Dark UI/New Icons/White Signal.png using Guid(9fde4f0d732b6bc458d381082b48cafc) Importer(815301076,1909f56bfc062723c751e8b465ee728b)  -> (artifact id: 'e0fccb703d05f6677c5c71bc84b9358b') in 0.076814 seconds 
========================================================================
Received Import Request.
  Time since last request: 0.000021 seconds.
  path: Assets/Dark UI/New Icons/White Slider 2.png
  artifactKey: Guid(e9915a0ce44e3ce4595b2349fdfe1ecd) Importer(815301076,1909f56bfc062723c751e8b465ee728b)
Start importing Assets/Dark UI/New Icons/White Slider 2.png using Guid(e9915a0ce44e3ce4595b2349fdfe1ecd) Importer(815301076,1909f56bfc062723c751e8b465ee728b)  -> (artifact id: '05915c3619a3346c9c2c58c333af2a47') in 0.045728 seconds 
========================================================================
Received Import Request.
  Time since last request: 0.239767 seconds.
  path: Assets/Dark UI/New Icons/White Snow Globe 2.png
  artifactKey: Guid(c769a8c320ea15f439821674a811ad22) Importer(815301076,1909f56bfc062723c751e8b465ee728b)
Start importing Assets/Dark UI/New Icons/White Snow Globe 2.png using Guid(c769a8c320ea15f439821674a811ad22) Importer(815301076,1909f56bfc062723c751e8b465ee728b)  -> (artifact id: '267bbf28641b0e884e7566238e1e2669') in 0.063831 seconds 
========================================================================
Received Import Request.
  Time since last request: 0.000032 seconds.
  path: Assets/Dark UI/New Icons/White Symbol 1.png
  artifactKey: Guid(34c4a9cc9e76a5745b43407c7a3675c8) Importer(815301076,1909f56bfc062723c751e8b465ee728b)
Start importing Assets/Dark UI/New Icons/White Symbol 1.png using Guid(34c4a9cc9e76a5745b43407c7a3675c8) Importer(815301076,1909f56bfc062723c751e8b465ee728b)  -> (artifact id: '96d5d5859aabb61ef94db8c8e5e2e188') in 0.045175 seconds 
========================================================================
Received Import Request.
  Time since last request: 0.000018 seconds.
  path: Assets/Dark UI/New Icons/White Symbol 6.png
  artifactKey: Guid(4a0d37bf4a6336e46a00fa4f7f01ccf0) Importer(815301076,1909f56bfc062723c751e8b465ee728b)
Start importing Assets/Dark UI/New Icons/White Symbol 6.png using Guid(4a0d37bf4a6336e46a00fa4f7f01ccf0) Importer(815301076,1909f56bfc062723c751e8b465ee728b)  -> (artifact id: 'f221c0c047b7a03379449f374b369c12') in 0.037019 seconds 
========================================================================
Received Import Request.
  Time since last request: 0.000018 seconds.
  path: Assets/Dark UI/New Icons/White Symbol 16.png
  artifactKey: Guid(66da243c423dc5a43b6a0c8bc5ecd121) Importer(815301076,1909f56bfc062723c751e8b465ee728b)
Start importing Assets/Dark UI/New Icons/White Symbol 16.png using Guid(66da243c423dc5a43b6a0c8bc5ecd121) Importer(815301076,1909f56bfc062723c751e8b465ee728b)  -> (artifact id: '76837a68030149f048d8ab6b3613ca36') in 0.042457 seconds 
========================================================================
Received Import Request.
  Time since last request: 0.000022 seconds.
  path: Assets/Dark UI/New Icons/White Symbol 4.png
  artifactKey: Guid(229c08d16be113f47bfa26671bb46545) Importer(815301076,1909f56bfc062723c751e8b465ee728b)
Start importing Assets/Dark UI/New Icons/White Symbol 4.png using Guid(229c08d16be113f47bfa26671bb46545) Importer(815301076,1909f56bfc062723c751e8b465ee728b)  -> (artifact id: '72fec76e85d4d9df63cabd770c178aa4') in 0.037131 seconds 
========================================================================
Received Import Request.
  Time since last request: 0.000039 seconds.
  path: Assets/Dark UI/New Icons/White Symbol 3.png
  artifactKey: Guid(dc4815308c7bae24c914d07f32c54387) Importer(815301076,1909f56bfc062723c751e8b465ee728b)
Start importing Assets/Dark UI/New Icons/White Symbol 3.png using Guid(dc4815308c7bae24c914d07f32c54387) Importer(815301076,1909f56bfc062723c751e8b465ee728b)  -> (artifact id: '38f91fc17f21cd9520fc1f159c2cf5a3') in 0.048902 seconds 
========================================================================
Received Import Request.
  Time since last request: 0.000025 seconds.
  path: Assets/Dark UI/New Icons/White Speed Boost.png
  artifactKey: Guid(76d890b0d68a3b74a9a373c651c9f6d9) Importer(815301076,1909f56bfc062723c751e8b465ee728b)
Start importing Assets/Dark UI/New Icons/White Speed Boost.png using Guid(76d890b0d68a3b74a9a373c651c9f6d9) Importer(815301076,1909f56bfc062723c751e8b465ee728b)  -> (artifact id: 'cc9c85416d89cc1db4c7658b700553fa') in 0.043182 seconds 
========================================================================
Received Import Request.
  Time since last request: 1.359241 seconds.
  path: Assets/Dark UI/New Icons/White Symbol 19.png
  artifactKey: Guid(42d324cf88b799a49b30d25353398f7a) Importer(815301076,1909f56bfc062723c751e8b465ee728b)
Start importing Assets/Dark UI/New Icons/White Symbol 19.png using Guid(42d324cf88b799a49b30d25353398f7a) Importer(815301076,1909f56bfc062723c751e8b465ee728b)  -> (artifact id: '789893af41d9dca57c09460687fd34a4') in 0.067233 seconds 
========================================================================
Received Import Request.
  Time since last request: 0.000017 seconds.
  path: Assets/Dark UI/New Icons/White Target 1.png
  artifactKey: Guid(fbfbf4e278b075544975b8a7cfc45f65) Importer(815301076,1909f56bfc062723c751e8b465ee728b)
Start importing Assets/Dark UI/New Icons/White Target 1.png using Guid(fbfbf4e278b075544975b8a7cfc45f65) Importer(815301076,1909f56bfc062723c751e8b465ee728b)  -> (artifact id: 'a2711f47d59fa067b816c72e8395560c') in 0.037506 seconds 
========================================================================
Received Import Request.
  Time since last request: 0.308223 seconds.
  path: Assets/Dark UI/New Icons/White Ticket 2.png
  artifactKey: Guid(46a1e48473feb5d469a09014dbdcd77c) Importer(815301076,1909f56bfc062723c751e8b465ee728b)
Start importing Assets/Dark UI/New Icons/White Ticket 2.png using Guid(46a1e48473feb5d469a09014dbdcd77c) Importer(815301076,1909f56bfc062723c751e8b465ee728b)  -> (artifact id: 'cf13b0b522faea33591605c53f5d4efe') in 0.053002 seconds 
========================================================================
Received Import Request.
  Time since last request: 0.000027 seconds.
  path: Assets/Dark UI/New Icons/White Twitter.png
  artifactKey: Guid(8f2c7a645c23a8946ae8b6ecf25026ba) Importer(815301076,1909f56bfc062723c751e8b465ee728b)
Start importing Assets/Dark UI/New Icons/White Twitter.png using Guid(8f2c7a645c23a8946ae8b6ecf25026ba) Importer(815301076,1909f56bfc062723c751e8b465ee728b)  -> (artifact id: '90897bd01a32e1833795da90b9e7fd85') in 0.047948 seconds 
========================================================================
Received Import Request.
  Time since last request: 0.000030 seconds.
  path: Assets/Dark UI/New Icons/White Wifi Off.png
  artifactKey: Guid(1aff3340ed7e926428aa6c62c17c0320) Importer(815301076,1909f56bfc062723c751e8b465ee728b)
Start importing Assets/Dark UI/New Icons/White Wifi Off.png using Guid(1aff3340ed7e926428aa6c62c17c0320) Importer(815301076,1909f56bfc062723c751e8b465ee728b)  -> (artifact id: '4406bed0c6a8b90ec7aaf1eac75147f2') in 0.045092 seconds 
========================================================================
Received Import Request.
  Time since last request: 0.000022 seconds.
  path: Assets/Dark UI/New Icons/White Witch Hat.png
  artifactKey: Guid(31caf4d1eeee1a14fa0241c13fd335e0) Importer(815301076,1909f56bfc062723c751e8b465ee728b)
Start importing Assets/Dark UI/New Icons/White Witch Hat.png using Guid(31caf4d1eeee1a14fa0241c13fd335e0) Importer(815301076,1909f56bfc062723c751e8b465ee728b)  -> (artifact id: '0f312a68f00294382ca10555ed6ffbb7') in 0.051966 seconds 
========================================================================
Received Import Request.
  Time since last request: 0.000028 seconds.
  path: Assets/Dark UI/New Icons/White Voice On.png
  artifactKey: Guid(4fde89ca55388d04e9a06fe25e766e3a) Importer(815301076,1909f56bfc062723c751e8b465ee728b)
Start importing Assets/Dark UI/New Icons/White Voice On.png using Guid(4fde89ca55388d04e9a06fe25e766e3a) Importer(815301076,1909f56bfc062723c751e8b465ee728b)  -> (artifact id: 'a8de6f9fedc41e1db296f4889920b67e') in 0.041487 seconds 
========================================================================
Received Import Request.
  Time since last request: 0.000028 seconds.
  path: Assets/Dark UI/New Icons/White Warning.png
  artifactKey: Guid(4c73403134d9eb3458d9c495a33c2c13) Importer(815301076,1909f56bfc062723c751e8b465ee728b)
Start importing Assets/Dark UI/New Icons/White Warning.png using Guid(4c73403134d9eb3458d9c495a33c2c13) Importer(815301076,1909f56bfc062723c751e8b465ee728b)  -> (artifact id: 'b2426597d53a1833a89ccb46404ef71f') in 0.040115 seconds 
Editor requested this worker to shutdown with reason: Scaling down because of idle timeout
AssetImportWorker is now disconnected from the server
Process exiting
Exiting without the bug reporter. Application will terminate with return code 0