Using pre-set license
Built from '2021.3/staging' branch; Version is '2021.3.29f1 (204d6dc9ae1c) revision 2116973'; Using compiler version '192829333'; Build Type 'Release'
OS: 'Windows 11  (10.0.22631) 64bit Professional' Language: 'en' Physical Memory: 16055 MB
BatchMode: 1, IsHumanControllingUs: 0, StartBugReporterOnCrash: 0, Is64bit: 1, IsPro: 1

COMMAND LINE ARGUMENTS:
C:\Program Files\Unity\Hub\Editor\2021.3.29f1\Editor\Unity.exe
-adb2
-batchMode
-noUpm
-name
AssetImportWorker10
-projectPath
C:/Users/juanr/OneDrive/Documents/AppCompras/ARP Euhphoria
-logFile
Logs/AssetImportWorker10.log
-srvPort
62560
Successfully changed project path to: C:/Users/juanr/OneDrive/Documents/AppCompras/ARP Euhphoria
C:/Users/juanr/OneDrive/Documents/AppCompras/ARP Euhphoria
[UnityMemory] Configuration Parameters - Can be set up in boot.config
    "memorysetup-bucket-allocator-granularity=16"
    "memorysetup-bucket-allocator-bucket-count=8"
    "memorysetup-bucket-allocator-block-size=33554432"
    "memorysetup-bucket-allocator-block-count=8"
    "memorysetup-main-allocator-block-size=16777216"
    "memorysetup-thread-allocator-block-size=16777216"
    "memorysetup-gfx-main-allocator-block-size=16777216"
    "memorysetup-gfx-thread-allocator-block-size=16777216"
    "memorysetup-cache-allocator-block-size=4194304"
    "memorysetup-typetree-allocator-block-size=2097152"
    "memorysetup-profiler-bucket-allocator-granularity=16"
    "memorysetup-profiler-bucket-allocator-bucket-count=8"
    "memorysetup-profiler-bucket-allocator-block-size=33554432"
    "memorysetup-profiler-bucket-allocator-block-count=8"
    "memorysetup-profiler-allocator-block-size=16777216"
    "memorysetup-profiler-editor-allocator-block-size=1048576"
    "memorysetup-temp-allocator-size-main=16777216"
    "memorysetup-job-temp-allocator-block-size=2097152"
    "memorysetup-job-temp-allocator-block-size-background=1048576"
    "memorysetup-job-temp-allocator-reduction-small-platforms=262144"
    "memorysetup-temp-allocator-size-background-worker=32768"
    "memorysetup-temp-allocator-size-job-worker=262144"
    "memorysetup-temp-allocator-size-preload-manager=33554432"
    "memorysetup-temp-allocator-size-nav-mesh-worker=65536"
    "memorysetup-temp-allocator-size-audio-worker=65536"
    "memorysetup-temp-allocator-size-cloud-worker=32768"
    "memorysetup-temp-allocator-size-gi-baking-worker=262144"
    "memorysetup-temp-allocator-size-gfx=262144"
Player connection [38496] Host "[IP] 192.168.56.1 [Port] 0 [Flags] 2 [Guid] 1583917983 [EditorId] 1583917983 [Version] 1048832 [Id] WindowsEditor(7,XPS15) [Debug] 1 [PackageName] WindowsEditor [ProjectName] Editor" joined multi-casting on [225.0.0.222:54997]...

Player connection [38496] Host "[IP] 192.168.56.1 [Port] 0 [Flags] 2 [Guid] 1583917983 [EditorId] 1583917983 [Version] 1048832 [Id] WindowsEditor(7,XPS15) [Debug] 1 [PackageName] WindowsEditor [ProjectName] Editor" joined alternative multi-casting on [225.0.0.222:34997]...

Refreshing native plugins compatible for Editor in 81.91 ms, found 6 plugins.
Preloading 2 native plugins for Editor in 4.23 ms.
Initialize engine version: 2021.3.29f1 (204d6dc9ae1c)
[Subsystems] Discovering subsystems at path C:/Program Files/Unity/Hub/Editor/2021.3.29f1/Editor/Data/Resources/UnitySubsystems
[Subsystems] Discovering subsystems at path C:/Users/juanr/OneDrive/Documents/AppCompras/ARP Euhphoria/Assets
GfxDevice: creating device client; threaded=0; jobified=0
Direct3D:
    Version:  Direct3D 11.0 [level 11.1]
    Renderer: NVIDIA GeForce RTX 3050 Laptop GPU (ID=0x25a2)
    Vendor:   NVIDIA
    VRAM:     3965 MB
    Driver:   32.0.15.5612
Initialize mono
Mono path[0] = 'C:/Program Files/Unity/Hub/Editor/2021.3.29f1/Editor/Data/Managed'
Mono path[1] = 'C:/Program Files/Unity/Hub/Editor/2021.3.29f1/Editor/Data/MonoBleedingEdge/lib/mono/unityjit-win32'
Mono config path = 'C:/Program Files/Unity/Hub/Editor/2021.3.29f1/Editor/Data/MonoBleedingEdge/etc'
Using monoOptions --debugger-agent=transport=dt_socket,embedding=1,server=y,suspend=n,address=127.0.0.1:56080
Begin MonoManager ReloadAssembly
Registering precompiled unity dll's ...
Register platform support module: C:/Program Files/Unity/Hub/Editor/2021.3.29f1/Editor/Data/PlaybackEngines/AndroidPlayer/UnityEditor.Android.Extensions.dll
Register platform support module: C:/Program Files/Unity/Hub/Editor/2021.3.29f1/Editor/Data/PlaybackEngines/iOSSupport/UnityEditor.iOS.Extensions.dll
Register platform support module: C:/Program Files/Unity/Hub/Editor/2021.3.29f1/Editor/Data/PlaybackEngines/WindowsStandaloneSupport/UnityEditor.WindowsStandalone.Extensions.dll
Registered in 0.009465 seconds.
Native extension for WindowsStandalone target not found
[usbmuxd] Start listen thread
[usbmuxd] Listen thread started
Native extension for iOS target not found
Native extension for Android target not found
Android Extension - Scanning For ADB Devices 586 ms
Refreshing native plugins compatible for Editor in 100.85 ms, found 6 plugins.
Preloading 2 native plugins for Editor in 0.22 ms.
Mono: successfully reloaded assembly
- Completed reload, in  1.476 seconds
Domain Reload Profiling:
	ReloadAssembly (1477ms)
		BeginReloadAssembly (101ms)
			ExecutionOrderSort (0ms)
			DisableScriptedObjects (0ms)
			BackupInstance (0ms)
			ReleaseScriptingObjects (0ms)
			CreateAndSetChildDomain (1ms)
		EndReloadAssembly (1259ms)
			LoadAssemblies (97ms)
			RebuildTransferFunctionScriptingTraits (0ms)
			SetupTypeCache (129ms)
			ReleaseScriptCaches (0ms)
			RebuildScriptCaches (33ms)
			SetupLoadedEditorAssemblies (1028ms)
				LogAssemblyErrors (0ms)
				InitializePlatformSupportModulesInManaged (724ms)
				SetLoadedEditorAssemblies (1ms)
				RefreshPlugins (101ms)
				BeforeProcessingInitializeOnLoad (2ms)
				ProcessInitializeOnLoadAttributes (129ms)
				ProcessInitializeOnLoadMethodAttributes (72ms)
				AfterProcessingInitializeOnLoad (0ms)
				EditorAssembliesLoaded (0ms)
			ExecutionOrderSort2 (0ms)
			AwakeInstancesAfterBackupRestoration (0ms)
Platform modules already initialized, skipping
Registering precompiled user dll's ...
Registered in 0.015811 seconds.
Begin MonoManager ReloadAssembly
Symbol file LoadedFromMemory doesn't match image C:\Users\juanr\OneDrive\Documents\AppCompras\ARP Euhphoria\Library\PackageCache\com.unity.visualscripting@1.8.0\Editor\VisualScripting.Core\Dependencies\YamlDotNet\Unity.VisualScripting.YamlDotNet.dll
Symbol file LoadedFromMemory doesn't match image C:\Users\juanr\OneDrive\Documents\AppCompras\ARP Euhphoria\Library\PackageCache\com.unity.visualscripting@1.8.0\Editor\VisualScripting.Core\Dependencies\DotNetZip\Unity.VisualScripting.IonicZip.dll
Symbol file LoadedFromMemory is not a mono symbol file
Native extension for WindowsStandalone target not found
Native extension for iOS target not found
Native extension for Android target not found
Refreshing native plugins compatible for Editor in 0.81 ms, found 6 plugins.
Preloading 2 native plugins for Editor in 0.24 ms.
Mono: successfully reloaded assembly
- Completed reload, in  1.818 seconds
Domain Reload Profiling:
	ReloadAssembly (1819ms)
		BeginReloadAssembly (189ms)
			ExecutionOrderSort (0ms)
			DisableScriptedObjects (10ms)
			BackupInstance (0ms)
			ReleaseScriptingObjects (0ms)
			CreateAndSetChildDomain (23ms)
		EndReloadAssembly (1458ms)
			LoadAssemblies (153ms)
			RebuildTransferFunctionScriptingTraits (0ms)
			SetupTypeCache (356ms)
			ReleaseScriptCaches (1ms)
			RebuildScriptCaches (76ms)
			SetupLoadedEditorAssemblies (832ms)
				LogAssemblyErrors (0ms)
				InitializePlatformSupportModulesInManaged (50ms)
				SetLoadedEditorAssemblies (1ms)
				RefreshPlugins (1ms)
				BeforeProcessingInitializeOnLoad (105ms)
				ProcessInitializeOnLoadAttributes (629ms)
				ProcessInitializeOnLoadMethodAttributes (34ms)
				AfterProcessingInitializeOnLoad (11ms)
				EditorAssembliesLoaded (0ms)
			ExecutionOrderSort2 (0ms)
			AwakeInstancesAfterBackupRestoration (9ms)
Platform modules already initialized, skipping
========================================================================
Worker process is ready to serve import requests
Launched and connected shader compiler UnityShaderCompiler.exe after 0.15 seconds
Refreshing native plugins compatible for Editor in 0.76 ms, found 6 plugins.
Preloading 2 native plugins for Editor in 0.19 ms.
Unloading 2987 Unused Serialized files (Serialized files now loaded: 0)
Unloading 47 unused Assets / (80.5 KB). Loaded Objects now: 3749.
Memory consumption went from 116.9 MB to 116.8 MB.
Total: 5.617500 ms (FindLiveObjects: 0.276100 ms CreateObjectMapping: 0.169700 ms MarkObjects: 4.989200 ms  DeleteObjects: 0.180000 ms)

AssetImportParameters requested are different than current active one (requested -> active):
  custom:video-decoder-ogg-theora: a1e56fd34408186e4bbccfd4996cb3dc -> 
  custom:container-muxer-webm: aa71ff27fc2769a1b78a27578f13a17b -> 
  custom:container-demuxer-webm: 4f35f7cbe854078d1ac9338744f61a02 -> 
  custom:video-encoder-webm-vp8: eb34c28f22e8b96e1ab97ce403110664 -> 
  custom:video-codec-MediaFoundation-h265: 746d11721c4dcdbdad8f713fa42b33f4 -> 
  custom:CustomObjectIndexerAttribute: bc11b3a6c3213fcdd17b65e7da85e133 -> 
  custom:audio-encoder-webm-vorbis: bf7c407c2cedff20999df2af8eb42d56 -> 
  custom:framework-win-MediaFoundation: 216162199b28c13a410421893ffa2e32 -> 
  custom:container-demuxer-ogg: 62fdf1f143b41e24485cea50d1cbac27 -> 
  custom:video-decoder-webm-vp8: 9c59270c3fd7afecdb556c50c9e8de78 -> 
  custom:audio-decoder-ogg-vorbis: bf7c407c2cedff20999df2af8eb42d56 -> 
========================================================================
Received Import Request.
  Time since last request: 3562447.860064 seconds.
  path: Assets/Dark UI/New Icons/White Dollar Sign.png
  artifactKey: Guid(ed58699d39fb18f45a75204c4c4e6abd) Importer(815301076,1909f56bfc062723c751e8b465ee728b)
Start importing Assets/Dark UI/New Icons/White Dollar Sign.png using Guid(ed58699d39fb18f45a75204c4c4e6abd) Importer(815301076,1909f56bfc062723c751e8b465ee728b)  -> (artifact id: '5ccd21a39bab848a1a2f449cf63fc9d5') in 0.237511 seconds 
========================================================================
Received Import Request.
  Time since last request: 0.000045 seconds.
  path: Assets/Dark UI/New Icons/White Euro.png
  artifactKey: Guid(2715b8fd2aa85bc43b1b3e1825eb9f99) Importer(815301076,1909f56bfc062723c751e8b465ee728b)
Start importing Assets/Dark UI/New Icons/White Euro.png using Guid(2715b8fd2aa85bc43b1b3e1825eb9f99) Importer(815301076,1909f56bfc062723c751e8b465ee728b)  -> (artifact id: 'd3ec3b99a1a75c0ecea4f8711341f473') in 0.066345 seconds 
========================================================================
Received Import Request.
  Time since last request: 0.476602 seconds.
  path: Assets/Dark UI/New Icons/White FastFordward.png
  artifactKey: Guid(802a7f4783974a04d85bfea4c8d83bf4) Importer(815301076,1909f56bfc062723c751e8b465ee728b)
Start importing Assets/Dark UI/New Icons/White FastFordward.png using Guid(802a7f4783974a04d85bfea4c8d83bf4) Importer(815301076,1909f56bfc062723c751e8b465ee728b)  -> (artifact id: 'df6467fde60d0b9e987bcf18148b5d56') in 0.102333 seconds 
========================================================================
Received Import Request.
  Time since last request: 0.000029 seconds.
  path: Assets/Dark UI/New Icons/White Gem 1.png
  artifactKey: Guid(228d69029e457c443a5eb0f973e92089) Importer(815301076,1909f56bfc062723c751e8b465ee728b)
Start importing Assets/Dark UI/New Icons/White Gem 1.png using Guid(228d69029e457c443a5eb0f973e92089) Importer(815301076,1909f56bfc062723c751e8b465ee728b)  -> (artifact id: 'fba6365c79bbc12fe6b36c177a36b02f') in 0.081910 seconds 
========================================================================
Received Import Request.
  Time since last request: 0.000032 seconds.
  path: Assets/Dark UI/New Icons/White Folder.png
  artifactKey: Guid(cdb651cb1bd63fe42ba8ce7c3d2ab8e1) Importer(815301076,1909f56bfc062723c751e8b465ee728b)
Start importing Assets/Dark UI/New Icons/White Folder.png using Guid(cdb651cb1bd63fe42ba8ce7c3d2ab8e1) Importer(815301076,1909f56bfc062723c751e8b465ee728b)  -> (artifact id: '77755df983c99d6244372951445588e0') in 0.070760 seconds 
========================================================================
Received Import Request.
  Time since last request: 0.000043 seconds.
  path: Assets/Dark UI/New Icons/White Gasoline.png
  artifactKey: Guid(f0d723fbdc0a7af4ea7265a14182085a) Importer(815301076,1909f56bfc062723c751e8b465ee728b)
Start importing Assets/Dark UI/New Icons/White Gasoline.png using Guid(f0d723fbdc0a7af4ea7265a14182085a) Importer(815301076,1909f56bfc062723c751e8b465ee728b)  -> (artifact id: '9c63e79f54a04bba7e66111764c6ebe8') in 0.071384 seconds 
========================================================================
Received Import Request.
  Time since last request: 0.000029 seconds.
  path: Assets/Dark UI/New Icons/White Female.png
  artifactKey: Guid(4bd8ae77366ad574d8cc527e83e746e6) Importer(815301076,1909f56bfc062723c751e8b465ee728b)
Start importing Assets/Dark UI/New Icons/White Female.png using Guid(4bd8ae77366ad574d8cc527e83e746e6) Importer(815301076,1909f56bfc062723c751e8b465ee728b)  -> (artifact id: 'ec54f0b2500dbdc156a1c629c4a48518') in 0.056265 seconds 
========================================================================
Received Import Request.
  Time since last request: 0.351452 seconds.
  path: Assets/Dark UI/New Icons/White Graduation Cap.png
  artifactKey: Guid(36ff106f4f24cab46a37452d300f11d8) Importer(815301076,1909f56bfc062723c751e8b465ee728b)
Start importing Assets/Dark UI/New Icons/White Graduation Cap.png using Guid(36ff106f4f24cab46a37452d300f11d8) Importer(815301076,1909f56bfc062723c751e8b465ee728b)  -> (artifact id: '7d4eab46d90c964d012e9b58f665657e') in 0.109181 seconds 
========================================================================
Received Import Request.
  Time since last request: 0.000034 seconds.
  path: Assets/Dark UI/New Icons/White Hamer.png
  artifactKey: Guid(f35423bff8ff20d41a614e25f602169b) Importer(815301076,1909f56bfc062723c751e8b465ee728b)
Start importing Assets/Dark UI/New Icons/White Hamer.png using Guid(f35423bff8ff20d41a614e25f602169b) Importer(815301076,1909f56bfc062723c751e8b465ee728b)  -> (artifact id: 'da61601e7c4eff9e96a1fecbc37a2174') in 0.061336 seconds 
========================================================================
Received Import Request.
  Time since last request: 0.000038 seconds.
  path: Assets/Dark UI/New Icons/White Gun 2.png
  artifactKey: Guid(7715a24bf5febe24aabc3b995d76ee6d) Importer(815301076,1909f56bfc062723c751e8b465ee728b)
Start importing Assets/Dark UI/New Icons/White Gun 2.png using Guid(7715a24bf5febe24aabc3b995d76ee6d) Importer(815301076,1909f56bfc062723c751e8b465ee728b)  -> (artifact id: 'a912ecc08331224c18c043f1115b75d6') in 0.061742 seconds 
========================================================================
Received Import Request.
  Time since last request: 0.000025 seconds.
  path: Assets/Dark UI/New Icons/White Horse Shoe.png
  artifactKey: Guid(2b572e084229b8c43b8422ecc261c484) Importer(815301076,1909f56bfc062723c751e8b465ee728b)
Start importing Assets/Dark UI/New Icons/White Horse Shoe.png using Guid(2b572e084229b8c43b8422ecc261c484) Importer(815301076,1909f56bfc062723c751e8b465ee728b)  -> (artifact id: '9da7ace390e75498e59e2e79a95d9c38') in 0.058727 seconds 
========================================================================
Received Import Request.
  Time since last request: 0.000029 seconds.
  path: Assets/Dark UI/New Icons/White Info 1.png
  artifactKey: Guid(883c9ddf3617dec428bc0fafdad03f92) Importer(815301076,1909f56bfc062723c751e8b465ee728b)
Start importing Assets/Dark UI/New Icons/White Info 1.png using Guid(883c9ddf3617dec428bc0fafdad03f92) Importer(815301076,1909f56bfc062723c751e8b465ee728b)  -> (artifact id: '68444d9895055e3cce955d908aeaa7e3') in 0.059487 seconds 
========================================================================
Received Import Request.
  Time since last request: 0.297442 seconds.
  path: Assets/Dark UI/New Icons/White Knight.png
  artifactKey: Guid(9127bb7b525b8424fb967ef6627e220c) Importer(815301076,1909f56bfc062723c751e8b465ee728b)
Start importing Assets/Dark UI/New Icons/White Knight.png using Guid(9127bb7b525b8424fb967ef6627e220c) Importer(815301076,1909f56bfc062723c751e8b465ee728b)  -> (artifact id: '7a84b25a640cf3f58c65df1c6f41b088') in 0.111219 seconds 
========================================================================
Received Import Request.
  Time since last request: 0.000028 seconds.
  path: Assets/Dark UI/New Icons/White Media Folder.png
  artifactKey: Guid(61b813bc36c05e349afdff9f861c13db) Importer(815301076,1909f56bfc062723c751e8b465ee728b)
Start importing Assets/Dark UI/New Icons/White Media Folder.png using Guid(61b813bc36c05e349afdff9f861c13db) Importer(815301076,1909f56bfc062723c751e8b465ee728b)  -> (artifact id: '71fe135c47ed8888eadaf3693e7e96b0') in 0.072462 seconds 
========================================================================
Received Import Request.
  Time since last request: 0.000044 seconds.
  path: Assets/Dark UI/New Icons/White Lock.png
  artifactKey: Guid(2195e314e582f924e919ee41f06894bb) Importer(815301076,1909f56bfc062723c751e8b465ee728b)
Start importing Assets/Dark UI/New Icons/White Lock.png using Guid(2195e314e582f924e919ee41f06894bb) Importer(815301076,1909f56bfc062723c751e8b465ee728b)  -> (artifact id: '91f655945977c365ca83a56aca68bd0c') in 0.063164 seconds 
========================================================================
Received Import Request.
  Time since last request: 0.000030 seconds.
  path: Assets/Dark UI/New Icons/White Leaf.png
  artifactKey: Guid(ef38a985d8530104184a2a4ded6fb3f9) Importer(815301076,1909f56bfc062723c751e8b465ee728b)
Start importing Assets/Dark UI/New Icons/White Leaf.png using Guid(ef38a985d8530104184a2a4ded6fb3f9) Importer(815301076,1909f56bfc062723c751e8b465ee728b)  -> (artifact id: '18b7f74212ab28d87905a36eb07a5442') in 0.062163 seconds 
========================================================================
Received Import Request.
  Time since last request: 0.000030 seconds.
  path: Assets/Dark UI/New Icons/White Map.png
  artifactKey: Guid(d2fedebafbc90dd4687c05798b9e399f) Importer(815301076,1909f56bfc062723c751e8b465ee728b)
Start importing Assets/Dark UI/New Icons/White Map.png using Guid(d2fedebafbc90dd4687c05798b9e399f) Importer(815301076,1909f56bfc062723c751e8b465ee728b)  -> (artifact id: 'f1e3ebb2fef146683431b4168786c44d') in 0.061142 seconds 
========================================================================
Received Import Request.
  Time since last request: 0.276751 seconds.
  path: Assets/Dark UI/New Icons/White Minus.png
  artifactKey: Guid(7ac938c7a6eb8284ca8f3519a27dd66f) Importer(815301076,1909f56bfc062723c751e8b465ee728b)
Start importing Assets/Dark UI/New Icons/White Minus.png using Guid(7ac938c7a6eb8284ca8f3519a27dd66f) Importer(815301076,1909f56bfc062723c751e8b465ee728b)  -> (artifact id: '04130903933edb58aa94960737428dfc') in 0.057961 seconds 
========================================================================
Received Import Request.
  Time since last request: 0.000022 seconds.
  path: Assets/Dark UI/New Icons/White Move LeftRight.png
  artifactKey: Guid(fe79327cfcd3b5b48af90aa371100725) Importer(815301076,1909f56bfc062723c751e8b465ee728b)
Start importing Assets/Dark UI/New Icons/White Move LeftRight.png using Guid(fe79327cfcd3b5b48af90aa371100725) Importer(815301076,1909f56bfc062723c751e8b465ee728b)  -> (artifact id: '5ab4f424ac92f7af2300bcf098c63357') in 0.037827 seconds 
========================================================================
Received Import Request.
  Time since last request: 0.000019 seconds.
  path: Assets/Dark UI/New Icons/White Moon.png
  artifactKey: Guid(32a3cee07dd454e45b7c596f4dc1e62e) Importer(815301076,1909f56bfc062723c751e8b465ee728b)
Start importing Assets/Dark UI/New Icons/White Moon.png using Guid(32a3cee07dd454e45b7c596f4dc1e62e) Importer(815301076,1909f56bfc062723c751e8b465ee728b)  -> (artifact id: 'ddaa4f024b47336e5a5c89eb692d05f7') in 0.036246 seconds 
========================================================================
Received Import Request.
  Time since last request: 0.498302 seconds.
  path: Assets/Dark UI/New Icons/White Music Off.png
  artifactKey: Guid(cabad5b87dec1fd4e8749fa9f8936e63) Importer(815301076,1909f56bfc062723c751e8b465ee728b)
Start importing Assets/Dark UI/New Icons/White Music Off.png using Guid(cabad5b87dec1fd4e8749fa9f8936e63) Importer(815301076,1909f56bfc062723c751e8b465ee728b)  -> (artifact id: 'b9fd629a323882395c82295950dfa51d') in 0.058801 seconds 
========================================================================
Received Import Request.
  Time since last request: 0.000017 seconds.
  path: Assets/Dark UI/New Icons/White Pawn.png
  artifactKey: Guid(d0385e81792813d47941df5768214d4e) Importer(815301076,1909f56bfc062723c751e8b465ee728b)
Start importing Assets/Dark UI/New Icons/White Pawn.png using Guid(d0385e81792813d47941df5768214d4e) Importer(815301076,1909f56bfc062723c751e8b465ee728b)  -> (artifact id: 'd93f4e18ccf0c85c9ce30252f366b568') in 0.044146 seconds 
========================================================================
Received Import Request.
  Time since last request: 0.000016 seconds.
  path: Assets/Dark UI/New Icons/White Pen.png
  artifactKey: Guid(8f7b8cbf3f3080943b74eca26c930727) Importer(815301076,1909f56bfc062723c751e8b465ee728b)
Start importing Assets/Dark UI/New Icons/White Pen.png using Guid(8f7b8cbf3f3080943b74eca26c930727) Importer(815301076,1909f56bfc062723c751e8b465ee728b)  -> (artifact id: '868b72aef8c2a1d86050bb44917f0929') in 0.039681 seconds 
========================================================================
Received Import Request.
  Time since last request: 0.000027 seconds.
  path: Assets/Dark UI/New Icons/White Playstore.png
  artifactKey: Guid(b341f40805b35f14fa548ad8539f33ae) Importer(815301076,1909f56bfc062723c751e8b465ee728b)
Start importing Assets/Dark UI/New Icons/White Playstore.png using Guid(b341f40805b35f14fa548ad8539f33ae) Importer(815301076,1909f56bfc062723c751e8b465ee728b)  -> (artifact id: '4a7a11012532b1a92c0c5cfaf25f842a') in 0.042055 seconds 
========================================================================
Received Import Request.
  Time since last request: 0.000029 seconds.
  path: Assets/Dark UI/New Icons/White Pinterest.png
  artifactKey: Guid(66fb799d68d2c4c4f864665850b78d19) Importer(815301076,1909f56bfc062723c751e8b465ee728b)
Start importing Assets/Dark UI/New Icons/White Pinterest.png using Guid(66fb799d68d2c4c4f864665850b78d19) Importer(815301076,1909f56bfc062723c751e8b465ee728b)  -> (artifact id: 'ecaa3f5e356e7ce42d57a5eb5f81e986') in 0.037691 seconds 
========================================================================
Received Import Request.
  Time since last request: 0.000018 seconds.
  path: Assets/Dark UI/New Icons/White Picture.png
  artifactKey: Guid(94be6287808ff1548b7cdc5c6067350f) Importer(815301076,1909f56bfc062723c751e8b465ee728b)
Start importing Assets/Dark UI/New Icons/White Picture.png using Guid(94be6287808ff1548b7cdc5c6067350f) Importer(815301076,1909f56bfc062723c751e8b465ee728b)  -> (artifact id: '44dcb272c62de22584591923f20d8be0') in 0.033071 seconds 
========================================================================
Received Import Request.
  Time since last request: 0.000018 seconds.
  path: Assets/Dark UI/New Icons/White Potion 1.png
  artifactKey: Guid(54f32298af8c9a54d9d7a2b403c5cc87) Importer(815301076,1909f56bfc062723c751e8b465ee728b)
Start importing Assets/Dark UI/New Icons/White Potion 1.png using Guid(54f32298af8c9a54d9d7a2b403c5cc87) Importer(815301076,1909f56bfc062723c751e8b465ee728b)  -> (artifact id: '6308c065e10a8f51c3fa565326217496') in 0.037342 seconds 
========================================================================
Received Import Request.
  Time since last request: 0.423321 seconds.
  path: Assets/Dark UI/New Icons/White Pound.png
  artifactKey: Guid(fd85014f8f48ade4c8deaaef9467e85a) Importer(815301076,1909f56bfc062723c751e8b465ee728b)
Start importing Assets/Dark UI/New Icons/White Pound.png using Guid(fd85014f8f48ade4c8deaaef9467e85a) Importer(815301076,1909f56bfc062723c751e8b465ee728b)  -> (artifact id: 'bffd13ee6c412c54c95153b62358a539') in 0.050538 seconds 
========================================================================
Received Import Request.
  Time since last request: 0.000018 seconds.
  path: Assets/Dark UI/New Icons/White Queen.png
  artifactKey: Guid(2b5e1f27bb41f3f408211c4643d8f247) Importer(815301076,1909f56bfc062723c751e8b465ee728b)
Start importing Assets/Dark UI/New Icons/White Queen.png using Guid(2b5e1f27bb41f3f408211c4643d8f247) Importer(815301076,1909f56bfc062723c751e8b465ee728b)  -> (artifact id: '4378211e4b3752ddb65cb7573b2c29bc') in 0.035184 seconds 
========================================================================
Received Import Request.
  Time since last request: 0.000020 seconds.
  path: Assets/Dark UI/New Icons/White Pumpkin.png
  artifactKey: Guid(8f31f7b4e0bdab94182af78c52249983) Importer(815301076,1909f56bfc062723c751e8b465ee728b)
Start importing Assets/Dark UI/New Icons/White Pumpkin.png using Guid(8f31f7b4e0bdab94182af78c52249983) Importer(815301076,1909f56bfc062723c751e8b465ee728b)  -> (artifact id: 'dc369c0501882832de4b12883c16c3da') in 0.034366 seconds 
========================================================================
Received Import Request.
  Time since last request: 0.537454 seconds.
  path: Assets/Dark UI/New Icons/White Return 2.png
  artifactKey: Guid(ec839f42b242a6b4da6fb119d2060d5e) Importer(815301076,1909f56bfc062723c751e8b465ee728b)
Start importing Assets/Dark UI/New Icons/White Return 2.png using Guid(ec839f42b242a6b4da6fb119d2060d5e) Importer(815301076,1909f56bfc062723c751e8b465ee728b)  -> (artifact id: '0e5361fbce41a7efaf5f561461b04a82') in 0.066123 seconds 
========================================================================
Received Import Request.
  Time since last request: 0.000021 seconds.
  path: Assets/Dark UI/New Icons/White Ribbon 2.png
  artifactKey: Guid(f46d0f8f82c9f794696f908a7f70fc5d) Importer(815301076,1909f56bfc062723c751e8b465ee728b)
Start importing Assets/Dark UI/New Icons/White Ribbon 2.png using Guid(f46d0f8f82c9f794696f908a7f70fc5d) Importer(815301076,1909f56bfc062723c751e8b465ee728b)  -> (artifact id: 'a869a1e0ae7c50cbe3e589cbd3a94d05') in 0.040616 seconds 
========================================================================
Received Import Request.
  Time since last request: 0.000020 seconds.
  path: Assets/Dark UI/New Icons/White Rubble.png
  artifactKey: Guid(cd92e079b5f9d7a4d805b7f947939ff2) Importer(815301076,1909f56bfc062723c751e8b465ee728b)
Start importing Assets/Dark UI/New Icons/White Rubble.png using Guid(cd92e079b5f9d7a4d805b7f947939ff2) Importer(815301076,1909f56bfc062723c751e8b465ee728b)  -> (artifact id: '676bae12c114f8f1751a5c01c674367c') in 0.030069 seconds 
========================================================================
Received Import Request.
  Time since last request: 0.440707 seconds.
  path: Assets/Dark UI/New Icons/White Scissor.png
  artifactKey: Guid(c7be68a7be5270940b9170185c39fcb0) Importer(815301076,1909f56bfc062723c751e8b465ee728b)
Start importing Assets/Dark UI/New Icons/White Scissor.png using Guid(c7be68a7be5270940b9170185c39fcb0) Importer(815301076,1909f56bfc062723c751e8b465ee728b)  -> (artifact id: '0f2f0758533ec773b45e6e06b98b36ed') in 0.064754 seconds 
========================================================================
Received Import Request.
  Time since last request: 0.000019 seconds.
  path: Assets/Dark UI/New Icons/White Select 2.png
  artifactKey: Guid(9a3434d9b3c2e764ca8431b6cf4c26fb) Importer(815301076,1909f56bfc062723c751e8b465ee728b)
Start importing Assets/Dark UI/New Icons/White Select 2.png using Guid(9a3434d9b3c2e764ca8431b6cf4c26fb) Importer(815301076,1909f56bfc062723c751e8b465ee728b)  -> (artifact id: '40b46a18542b87ba73bd6e7ffcc04461') in 0.045658 seconds 
========================================================================
Received Import Request.
  Time since last request: 1.113157 seconds.
  path: Assets/Dark UI/New Icons/White Skull 2.png
  artifactKey: Guid(9c2a11d25a21a814e9e081ddfd36e556) Importer(815301076,1909f56bfc062723c751e8b465ee728b)
Start importing Assets/Dark UI/New Icons/White Skull 2.png using Guid(9c2a11d25a21a814e9e081ddfd36e556) Importer(815301076,1909f56bfc062723c751e8b465ee728b)  -> (artifact id: '37667bc1ba0d522fe3d6e1d8b1b2ef9a') in 0.068623 seconds 
========================================================================
Received Import Request.
  Time since last request: 0.000033 seconds.
  path: Assets/Dark UI/New Icons/White Snow Globe 1.png
  artifactKey: Guid(9cf1960b5a0ca9547ba5ba2c1f1d7914) Importer(815301076,1909f56bfc062723c751e8b465ee728b)
Start importing Assets/Dark UI/New Icons/White Snow Globe 1.png using Guid(9cf1960b5a0ca9547ba5ba2c1f1d7914) Importer(815301076,1909f56bfc062723c751e8b465ee728b)  -> (artifact id: '6ca84f9bf38e9a79963a004cf32db025') in 0.038660 seconds 
========================================================================
Received Import Request.
  Time since last request: 0.000019 seconds.
  path: Assets/Dark UI/New Icons/White Sleep.png
  artifactKey: Guid(ad96db1bead64f54eb2761357817ba3f) Importer(815301076,1909f56bfc062723c751e8b465ee728b)
Start importing Assets/Dark UI/New Icons/White Sleep.png using Guid(ad96db1bead64f54eb2761357817ba3f) Importer(815301076,1909f56bfc062723c751e8b465ee728b)  -> (artifact id: '8e65c265668583c0c814b8a2b3f89723') in 0.036063 seconds 
========================================================================
Received Import Request.
  Time since last request: 0.211896 seconds.
  path: Assets/Dark UI/New Icons/White Sound Icom.png
  artifactKey: Guid(2896697aee29fec4eae8809b364feeb0) Importer(815301076,1909f56bfc062723c751e8b465ee728b)
Start importing Assets/Dark UI/New Icons/White Sound Icom.png using Guid(2896697aee29fec4eae8809b364feeb0) Importer(815301076,1909f56bfc062723c751e8b465ee728b)  -> (artifact id: 'a1fdb31157e23651a9721349eba62a3d') in 0.063987 seconds 
========================================================================
Received Import Request.
  Time since last request: 0.000021 seconds.
  path: Assets/Dark UI/New Icons/White Sound On.png
  artifactKey: Guid(fd30afab859581246b9ba7593ee3c10c) Importer(815301076,1909f56bfc062723c751e8b465ee728b)
Start importing Assets/Dark UI/New Icons/White Sound On.png using Guid(fd30afab859581246b9ba7593ee3c10c) Importer(815301076,1909f56bfc062723c751e8b465ee728b)  -> (artifact id: 'dcedb408f9259920da77299761fe4eec') in 0.040643 seconds 
========================================================================
Received Import Request.
  Time since last request: 0.000023 seconds.
  path: Assets/Dark UI/New Icons/White Symbol 13.png
  artifactKey: Guid(6cde8689f79daef4ca1d73b91a7c2e83) Importer(815301076,1909f56bfc062723c751e8b465ee728b)
Start importing Assets/Dark UI/New Icons/White Symbol 13.png using Guid(6cde8689f79daef4ca1d73b91a7c2e83) Importer(815301076,1909f56bfc062723c751e8b465ee728b)  -> (artifact id: '68b89de3bb56dc680888c72ded63f607') in 0.041088 seconds 
========================================================================
Received Import Request.
  Time since last request: 0.000017 seconds.
  path: Assets/Dark UI/New Icons/White Speed Boost 2.png
  artifactKey: Guid(8bed94d544d1a7243a0281fe7aef409f) Importer(815301076,1909f56bfc062723c751e8b465ee728b)
Start importing Assets/Dark UI/New Icons/White Speed Boost 2.png using Guid(8bed94d544d1a7243a0281fe7aef409f) Importer(815301076,1909f56bfc062723c751e8b465ee728b)  -> (artifact id: '2880e86917d7369e8de6d765ff41be5c') in 0.038219 seconds 
========================================================================
Received Import Request.
  Time since last request: 0.000026 seconds.
  path: Assets/Dark UI/New Icons/White Sun.png
  artifactKey: Guid(6a17271386cc9124eaead6cccf08347b) Importer(815301076,1909f56bfc062723c751e8b465ee728b)
Start importing Assets/Dark UI/New Icons/White Sun.png using Guid(6a17271386cc9124eaead6cccf08347b) Importer(815301076,1909f56bfc062723c751e8b465ee728b)  -> (artifact id: '08cb0dbf260e843e06007ecc75b31b27') in 0.035794 seconds 
========================================================================
Received Import Request.
  Time since last request: 0.000031 seconds.
  path: Assets/Dark UI/New Icons/White Symbol 18.png
  artifactKey: Guid(d82329b5d9f370d4e814fe7e8c02ec35) Importer(815301076,1909f56bfc062723c751e8b465ee728b)
Start importing Assets/Dark UI/New Icons/White Symbol 18.png using Guid(d82329b5d9f370d4e814fe7e8c02ec35) Importer(815301076,1909f56bfc062723c751e8b465ee728b)  -> (artifact id: '34a0e9fb101c3cd1ea0b0751985770f5') in 0.040281 seconds 
========================================================================
Received Import Request.
  Time since last request: 0.000025 seconds.
  path: Assets/Dark UI/New Icons/White Symbol 10.png
  artifactKey: Guid(5a189062964e1c4428b9ba1721e40f19) Importer(815301076,1909f56bfc062723c751e8b465ee728b)
Start importing Assets/Dark UI/New Icons/White Symbol 10.png using Guid(5a189062964e1c4428b9ba1721e40f19) Importer(815301076,1909f56bfc062723c751e8b465ee728b)  -> (artifact id: '0e095152db82f8034f91ab46cab38bb8') in 0.048111 seconds 
========================================================================
Received Import Request.
  Time since last request: 1.369102 seconds.
  path: Assets/Dark UI/New Icons/White Sysmbol 2.png
  artifactKey: Guid(d5b3390a688e4734fb45b156d705007e) Importer(815301076,1909f56bfc062723c751e8b465ee728b)
Start importing Assets/Dark UI/New Icons/White Sysmbol 2.png using Guid(d5b3390a688e4734fb45b156d705007e) Importer(815301076,1909f56bfc062723c751e8b465ee728b)  -> (artifact id: '9ce15d8d04944fdbd71a01ee0e1dd0c9') in 0.064361 seconds 
========================================================================
Received Import Request.
  Time since last request: 0.000018 seconds.
  path: Assets/Dark UI/New Icons/White Ticket 1.png
  artifactKey: Guid(c8a8d1a5f0a8d6546979bb778ce96875) Importer(815301076,1909f56bfc062723c751e8b465ee728b)
Start importing Assets/Dark UI/New Icons/White Ticket 1.png using Guid(c8a8d1a5f0a8d6546979bb778ce96875) Importer(815301076,1909f56bfc062723c751e8b465ee728b)  -> (artifact id: '8d86b9e52633c896e283227a17b59f2d') in 0.038568 seconds 
========================================================================
Received Import Request.
  Time since last request: 0.309387 seconds.
  path: Assets/Dark UI/New Icons/White Timer.png
  artifactKey: Guid(726126ff63d8cd04c88b9ff362aad086) Importer(815301076,1909f56bfc062723c751e8b465ee728b)
Start importing Assets/Dark UI/New Icons/White Timer.png using Guid(726126ff63d8cd04c88b9ff362aad086) Importer(815301076,1909f56bfc062723c751e8b465ee728b)  -> (artifact id: '2228d85b84814d8cc8e519d06f4d5488') in 0.065189 seconds 
========================================================================
Received Import Request.
  Time since last request: 0.000024 seconds.
  path: Assets/Dark UI/New Icons/White Tree.png
  artifactKey: Guid(9285ad0079fda0a40aee812caa2302ce) Importer(815301076,1909f56bfc062723c751e8b465ee728b)
Start importing Assets/Dark UI/New Icons/White Tree.png using Guid(9285ad0079fda0a40aee812caa2302ce) Importer(815301076,1909f56bfc062723c751e8b465ee728b)  -> (artifact id: 'af3364c7fcc6e90f62c42b22fdc6ea9f') in 0.046921 seconds 
========================================================================
Received Import Request.
  Time since last request: 0.000022 seconds.
  path: Assets/Dark UI/New Icons/White Voice Off.png
  artifactKey: Guid(954f69545cb874a43b504dc69345a8fe) Importer(815301076,1909f56bfc062723c751e8b465ee728b)
Start importing Assets/Dark UI/New Icons/White Voice Off.png using Guid(954f69545cb874a43b504dc69345a8fe) Importer(815301076,1909f56bfc062723c751e8b465ee728b)  -> (artifact id: '95599f2b0f99e2d90f6345979445dcbf') in 0.040359 seconds 
========================================================================
Received Import Request.
  Time since last request: 0.000037 seconds.
  path: Assets/Dark UI/New Icons/White Wrench.png
  artifactKey: Guid(1333badfea706264bad28da964e37890) Importer(815301076,1909f56bfc062723c751e8b465ee728b)
Start importing Assets/Dark UI/New Icons/White Wrench.png using Guid(1333badfea706264bad28da964e37890) Importer(815301076,1909f56bfc062723c751e8b465ee728b)  -> (artifact id: '931bfe6ebda3685e72a78940e8504044') in 0.045206 seconds 
========================================================================
Received Import Request.
  Time since last request: 0.000033 seconds.
  path: Assets/Dark UI/New Icons/White Web.png
  artifactKey: Guid(f0915a010439cd64a8cd117e998272ef) Importer(815301076,1909f56bfc062723c751e8b465ee728b)
Start importing Assets/Dark UI/New Icons/White Web.png using Guid(f0915a010439cd64a8cd117e998272ef) Importer(815301076,1909f56bfc062723c751e8b465ee728b)  -> (artifact id: '504970195ea751c39e8ec7ceb21e3b16') in 0.047383 seconds 
========================================================================
Received Import Request.
  Time since last request: 0.000038 seconds.
  path: Assets/Dark UI/New Icons/White Weight.png
  artifactKey: Guid(9ad82a29e4224b94ca03348de459ebff) Importer(815301076,1909f56bfc062723c751e8b465ee728b)
Start importing Assets/Dark UI/New Icons/White Weight.png using Guid(9ad82a29e4224b94ca03348de459ebff) Importer(815301076,1909f56bfc062723c751e8b465ee728b)  -> (artifact id: '0ef9d696ee61a4023d5de73726bfce30') in 0.036579 seconds 
========================================================================
Received Prepare
Registering precompiled user dll's ...
Registered in 0.009335 seconds.
Begin MonoManager ReloadAssembly
Symbol file LoadedFromMemory doesn't match image C:\Users\juanr\OneDrive\Documents\AppCompras\ARP Euhphoria\Library\PackageCache\com.unity.visualscripting@1.8.0\Editor\VisualScripting.Core\Dependencies\YamlDotNet\Unity.VisualScripting.YamlDotNet.dll
Symbol file LoadedFromMemory doesn't match image C:\Users\juanr\OneDrive\Documents\AppCompras\ARP Euhphoria\Library\PackageCache\com.unity.visualscripting@1.8.0\Editor\VisualScripting.Core\Dependencies\DotNetZip\Unity.VisualScripting.IonicZip.dll
Symbol file LoadedFromMemory is not a mono symbol file
Native extension for WindowsStandalone target not found
Native extension for iOS target not found
Native extension for Android target not found
Refreshing native plugins compatible for Editor in 0.68 ms, found 6 plugins.
Preloading 2 native plugins for Editor in 0.18 ms.
Mono: successfully reloaded assembly
- Completed reload, in  1.093 seconds
Domain Reload Profiling:
	ReloadAssembly (1094ms)
		BeginReloadAssembly (150ms)
			ExecutionOrderSort (0ms)
			DisableScriptedObjects (5ms)
			BackupInstance (0ms)
			ReleaseScriptingObjects (0ms)
			CreateAndSetChildDomain (40ms)
		EndReloadAssembly (852ms)
			LoadAssemblies (96ms)
			RebuildTransferFunctionScriptingTraits (0ms)
			SetupTypeCache (233ms)
			ReleaseScriptCaches (1ms)
			RebuildScriptCaches (38ms)
			SetupLoadedEditorAssemblies (454ms)
				LogAssemblyErrors (0ms)
				InitializePlatformSupportModulesInManaged (34ms)
				SetLoadedEditorAssemblies (0ms)
				RefreshPlugins (1ms)
				BeforeProcessingInitializeOnLoad (59ms)
				ProcessInitializeOnLoadAttributes (335ms)
				ProcessInitializeOnLoadMethodAttributes (18ms)
				AfterProcessingInitializeOnLoad (6ms)
				EditorAssembliesLoaded (0ms)
			ExecutionOrderSort2 (0ms)
			AwakeInstancesAfterBackupRestoration (6ms)
Platform modules already initialized, skipping
Refreshing native plugins compatible for Editor in 4.68 ms, found 6 plugins.
Preloading 2 native plugins for Editor in 0.10 ms.
Unloading 2949 Unused Serialized files (Serialized files now loaded: 0)
Unloading 40 unused Assets / (54.2 KB). Loaded Objects now: 3758.
Memory consumption went from 113.2 MB to 113.2 MB.
Total: 3.271300 ms (FindLiveObjects: 0.212000 ms CreateObjectMapping: 0.082200 ms MarkObjects: 2.909600 ms  DeleteObjects: 0.066000 ms)

AssetImportParameters requested are different than current active one (requested -> active):
  custom:video-decoder-ogg-theora: a1e56fd34408186e4bbccfd4996cb3dc -> 
  custom:container-muxer-webm: aa71ff27fc2769a1b78a27578f13a17b -> 
  custom:container-demuxer-webm: 4f35f7cbe854078d1ac9338744f61a02 -> 
  custom:video-encoder-webm-vp8: eb34c28f22e8b96e1ab97ce403110664 -> 
  custom:video-codec-MediaFoundation-h265: 746d11721c4dcdbdad8f713fa42b33f4 -> 
  custom:CustomObjectIndexerAttribute: bc11b3a6c3213fcdd17b65e7da85e133 -> 
  custom:audio-encoder-webm-vorbis: bf7c407c2cedff20999df2af8eb42d56 -> 
  custom:framework-win-MediaFoundation: 216162199b28c13a410421893ffa2e32 -> 
  custom:container-demuxer-ogg: 62fdf1f143b41e24485cea50d1cbac27 -> 
  custom:video-decoder-webm-vp8: 9c59270c3fd7afecdb556c50c9e8de78 -> 
  custom:audio-decoder-ogg-vorbis: bf7c407c2cedff20999df2af8eb42d56 -> 
========================================================================
Received Prepare
Registering precompiled user dll's ...
Registered in 0.019692 seconds.
Begin MonoManager ReloadAssembly
Symbol file LoadedFromMemory doesn't match image C:\Users\juanr\OneDrive\Documents\AppCompras\ARP Euhphoria\Library\PackageCache\com.unity.visualscripting@1.8.0\Editor\VisualScripting.Core\Dependencies\YamlDotNet\Unity.VisualScripting.YamlDotNet.dll
Symbol file LoadedFromMemory doesn't match image C:\Users\juanr\OneDrive\Documents\AppCompras\ARP Euhphoria\Library\PackageCache\com.unity.visualscripting@1.8.0\Editor\VisualScripting.Core\Dependencies\DotNetZip\Unity.VisualScripting.IonicZip.dll
Symbol file LoadedFromMemory is not a mono symbol file
Native extension for WindowsStandalone target not found
Native extension for iOS target not found
Native extension for Android target not found
Refreshing native plugins compatible for Editor in 1.47 ms, found 6 plugins.
Preloading 2 native plugins for Editor in 0.38 ms.
Mono: successfully reloaded assembly
- Completed reload, in  3.897 seconds
Domain Reload Profiling:
	ReloadAssembly (3898ms)
		BeginReloadAssembly (679ms)
			ExecutionOrderSort (0ms)
			DisableScriptedObjects (9ms)
			BackupInstance (0ms)
			ReleaseScriptingObjects (0ms)
			CreateAndSetChildDomain (56ms)
		EndReloadAssembly (2908ms)
			LoadAssemblies (647ms)
			RebuildTransferFunctionScriptingTraits (0ms)
			SetupTypeCache (968ms)
			ReleaseScriptCaches (2ms)
			RebuildScriptCaches (119ms)
			SetupLoadedEditorAssemblies (1426ms)
				LogAssemblyErrors (0ms)
				InitializePlatformSupportModulesInManaged (88ms)
				SetLoadedEditorAssemblies (1ms)
				RefreshPlugins (2ms)
				BeforeProcessingInitializeOnLoad (166ms)
				ProcessInitializeOnLoadAttributes (1079ms)
				ProcessInitializeOnLoadMethodAttributes (63ms)
				AfterProcessingInitializeOnLoad (27ms)
				EditorAssembliesLoaded (0ms)
			ExecutionOrderSort2 (0ms)
			AwakeInstancesAfterBackupRestoration (20ms)
Platform modules already initialized, skipping
Refreshing native plugins compatible for Editor in 17.72 ms, found 6 plugins.
Preloading 2 native plugins for Editor in 0.51 ms.
Unloading 2949 Unused Serialized files (Serialized files now loaded: 0)
Unloading 40 unused Assets / (54.3 KB). Loaded Objects now: 3761.
Memory consumption went from 113.3 MB to 113.2 MB.
Total: 10.520500 ms (FindLiveObjects: 0.527900 ms CreateObjectMapping: 0.276700 ms MarkObjects: 9.513000 ms  DeleteObjects: 0.199800 ms)

AssetImportParameters requested are different than current active one (requested -> active):
  custom:video-decoder-ogg-theora: a1e56fd34408186e4bbccfd4996cb3dc -> 
  custom:container-muxer-webm: aa71ff27fc2769a1b78a27578f13a17b -> 
  custom:container-demuxer-webm: 4f35f7cbe854078d1ac9338744f61a02 -> 
  custom:video-encoder-webm-vp8: eb34c28f22e8b96e1ab97ce403110664 -> 
  custom:video-codec-MediaFoundation-h265: 746d11721c4dcdbdad8f713fa42b33f4 -> 
  custom:CustomObjectIndexerAttribute: bc11b3a6c3213fcdd17b65e7da85e133 -> 
  custom:audio-encoder-webm-vorbis: bf7c407c2cedff20999df2af8eb42d56 -> 
  custom:framework-win-MediaFoundation: 216162199b28c13a410421893ffa2e32 -> 
  custom:container-demuxer-ogg: 62fdf1f143b41e24485cea50d1cbac27 -> 
  custom:video-decoder-webm-vp8: 9c59270c3fd7afecdb556c50c9e8de78 -> 
  custom:audio-decoder-ogg-vorbis: bf7c407c2cedff20999df2af8eb42d56 -> 
