Using pre-set license
Built from '2021.3/staging' branch; Version is '2021.3.29f1 (204d6dc9ae1c) revision 2116973'; Using compiler version '192829333'; Build Type 'Release'
OS: 'Windows 11  (10.0.22631) 64bit Professional' Language: 'en' Physical Memory: 16055 MB
BatchMode: 1, IsHumanControllingUs: 0, StartBugReporterOnCrash: 0, Is64bit: 1, IsPro: 1

COMMAND LINE ARGUMENTS:
C:\Program Files\Unity\Hub\Editor\2021.3.29f1\Editor\Unity.exe
-adb2
-batchMode
-noUpm
-name
AssetImportWorker12
-projectPath
C:/Users/juanr/OneDrive/Documents/AppCompras/ARP Euhphoria
-logFile
Logs/AssetImportWorker12.log
-srvPort
62560
Successfully changed project path to: C:/Users/juanr/OneDrive/Documents/AppCompras/ARP Euhphoria
C:/Users/juanr/OneDrive/Documents/AppCompras/ARP Euhphoria
[UnityMemory] Configuration Parameters - Can be set up in boot.config
    "memorysetup-bucket-allocator-granularity=16"
    "memorysetup-bucket-allocator-bucket-count=8"
    "memorysetup-bucket-allocator-block-size=33554432"
    "memorysetup-bucket-allocator-block-count=8"
    "memorysetup-main-allocator-block-size=16777216"
    "memorysetup-thread-allocator-block-size=16777216"
    "memorysetup-gfx-main-allocator-block-size=16777216"
    "memorysetup-gfx-thread-allocator-block-size=16777216"
    "memorysetup-cache-allocator-block-size=4194304"
    "memorysetup-typetree-allocator-block-size=2097152"
    "memorysetup-profiler-bucket-allocator-granularity=16"
    "memorysetup-profiler-bucket-allocator-bucket-count=8"
    "memorysetup-profiler-bucket-allocator-block-size=33554432"
    "memorysetup-profiler-bucket-allocator-block-count=8"
    "memorysetup-profiler-allocator-block-size=16777216"
    "memorysetup-profiler-editor-allocator-block-size=1048576"
    "memorysetup-temp-allocator-size-main=16777216"
    "memorysetup-job-temp-allocator-block-size=2097152"
    "memorysetup-job-temp-allocator-block-size-background=1048576"
    "memorysetup-job-temp-allocator-reduction-small-platforms=262144"
    "memorysetup-temp-allocator-size-background-worker=32768"
    "memorysetup-temp-allocator-size-job-worker=262144"
    "memorysetup-temp-allocator-size-preload-manager=33554432"
    "memorysetup-temp-allocator-size-nav-mesh-worker=65536"
    "memorysetup-temp-allocator-size-audio-worker=65536"
    "memorysetup-temp-allocator-size-cloud-worker=32768"
    "memorysetup-temp-allocator-size-gi-baking-worker=262144"
    "memorysetup-temp-allocator-size-gfx=262144"
Player connection [28380] Host "[IP] 192.168.56.1 [Port] 0 [Flags] 2 [Guid] 174678860 [EditorId] 174678860 [Version] 1048832 [Id] WindowsEditor(7,XPS15) [Debug] 1 [PackageName] WindowsEditor [ProjectName] Editor" joined multi-casting on [225.0.0.222:54997]...

Player connection [28380] Host "[IP] 192.168.56.1 [Port] 0 [Flags] 2 [Guid] 174678860 [EditorId] 174678860 [Version] 1048832 [Id] WindowsEditor(7,XPS15) [Debug] 1 [PackageName] WindowsEditor [ProjectName] Editor" joined alternative multi-casting on [225.0.0.222:34997]...

Refreshing native plugins compatible for Editor in 83.45 ms, found 6 plugins.
Preloading 2 native plugins for Editor in 3.54 ms.
Initialize engine version: 2021.3.29f1 (204d6dc9ae1c)
[Subsystems] Discovering subsystems at path C:/Program Files/Unity/Hub/Editor/2021.3.29f1/Editor/Data/Resources/UnitySubsystems
[Subsystems] Discovering subsystems at path C:/Users/juanr/OneDrive/Documents/AppCompras/ARP Euhphoria/Assets
GfxDevice: creating device client; threaded=0; jobified=0
Direct3D:
    Version:  Direct3D 11.0 [level 11.1]
    Renderer: NVIDIA GeForce RTX 3050 Laptop GPU (ID=0x25a2)
    Vendor:   NVIDIA
    VRAM:     3965 MB
    Driver:   32.0.15.5612
Initialize mono
Mono path[0] = 'C:/Program Files/Unity/Hub/Editor/2021.3.29f1/Editor/Data/Managed'
Mono path[1] = 'C:/Program Files/Unity/Hub/Editor/2021.3.29f1/Editor/Data/MonoBleedingEdge/lib/mono/unityjit-win32'
Mono config path = 'C:/Program Files/Unity/Hub/Editor/2021.3.29f1/Editor/Data/MonoBleedingEdge/etc'
Using monoOptions --debugger-agent=transport=dt_socket,embedding=1,server=y,suspend=n,address=127.0.0.1:56992
Begin MonoManager ReloadAssembly
Registering precompiled unity dll's ...
Register platform support module: C:/Program Files/Unity/Hub/Editor/2021.3.29f1/Editor/Data/PlaybackEngines/AndroidPlayer/UnityEditor.Android.Extensions.dll
Register platform support module: C:/Program Files/Unity/Hub/Editor/2021.3.29f1/Editor/Data/PlaybackEngines/iOSSupport/UnityEditor.iOS.Extensions.dll
Register platform support module: C:/Program Files/Unity/Hub/Editor/2021.3.29f1/Editor/Data/PlaybackEngines/WindowsStandaloneSupport/UnityEditor.WindowsStandalone.Extensions.dll
Registered in 0.009250 seconds.
Native extension for WindowsStandalone target not found
[usbmuxd] Start listen thread
[usbmuxd] Listen thread started
Native extension for iOS target not found
Native extension for Android target not found
Android Extension - Scanning For ADB Devices 580 ms
Refreshing native plugins compatible for Editor in 101.27 ms, found 6 plugins.
Preloading 2 native plugins for Editor in 0.25 ms.
Mono: successfully reloaded assembly
- Completed reload, in  1.477 seconds
Domain Reload Profiling:
	ReloadAssembly (1478ms)
		BeginReloadAssembly (103ms)
			ExecutionOrderSort (0ms)
			DisableScriptedObjects (0ms)
			BackupInstance (0ms)
			ReleaseScriptingObjects (0ms)
			CreateAndSetChildDomain (1ms)
		EndReloadAssembly (1258ms)
			LoadAssemblies (100ms)
			RebuildTransferFunctionScriptingTraits (0ms)
			SetupTypeCache (132ms)
			ReleaseScriptCaches (0ms)
			RebuildScriptCaches (33ms)
			SetupLoadedEditorAssemblies (1023ms)
				LogAssemblyErrors (0ms)
				InitializePlatformSupportModulesInManaged (717ms)
				SetLoadedEditorAssemblies (0ms)
				RefreshPlugins (102ms)
				BeforeProcessingInitializeOnLoad (2ms)
				ProcessInitializeOnLoadAttributes (128ms)
				ProcessInitializeOnLoadMethodAttributes (74ms)
				AfterProcessingInitializeOnLoad (0ms)
				EditorAssembliesLoaded (0ms)
			ExecutionOrderSort2 (0ms)
			AwakeInstancesAfterBackupRestoration (0ms)
Platform modules already initialized, skipping
Registering precompiled user dll's ...
Registered in 0.015734 seconds.
Begin MonoManager ReloadAssembly
Symbol file LoadedFromMemory doesn't match image C:\Users\juanr\OneDrive\Documents\AppCompras\ARP Euhphoria\Library\PackageCache\com.unity.visualscripting@1.8.0\Editor\VisualScripting.Core\Dependencies\YamlDotNet\Unity.VisualScripting.YamlDotNet.dll
Symbol file LoadedFromMemory doesn't match image C:\Users\juanr\OneDrive\Documents\AppCompras\ARP Euhphoria\Library\PackageCache\com.unity.visualscripting@1.8.0\Editor\VisualScripting.Core\Dependencies\DotNetZip\Unity.VisualScripting.IonicZip.dll
Symbol file LoadedFromMemory is not a mono symbol file
Native extension for WindowsStandalone target not found
Native extension for iOS target not found
Native extension for Android target not found
Refreshing native plugins compatible for Editor in 0.80 ms, found 6 plugins.
Preloading 2 native plugins for Editor in 0.22 ms.
Mono: successfully reloaded assembly
- Completed reload, in  1.810 seconds
Domain Reload Profiling:
	ReloadAssembly (1811ms)
		BeginReloadAssembly (177ms)
			ExecutionOrderSort (0ms)
			DisableScriptedObjects (8ms)
			BackupInstance (0ms)
			ReleaseScriptingObjects (0ms)
			CreateAndSetChildDomain (25ms)
		EndReloadAssembly (1461ms)
			LoadAssemblies (150ms)
			RebuildTransferFunctionScriptingTraits (0ms)
			SetupTypeCache (353ms)
			ReleaseScriptCaches (1ms)
			RebuildScriptCaches (77ms)
			SetupLoadedEditorAssemblies (829ms)
				LogAssemblyErrors (0ms)
				InitializePlatformSupportModulesInManaged (50ms)
				SetLoadedEditorAssemblies (1ms)
				RefreshPlugins (1ms)
				BeforeProcessingInitializeOnLoad (103ms)
				ProcessInitializeOnLoadAttributes (631ms)
				ProcessInitializeOnLoadMethodAttributes (32ms)
				AfterProcessingInitializeOnLoad (11ms)
				EditorAssembliesLoaded (0ms)
			ExecutionOrderSort2 (0ms)
			AwakeInstancesAfterBackupRestoration (9ms)
Platform modules already initialized, skipping
========================================================================
Worker process is ready to serve import requests
Launched and connected shader compiler UnityShaderCompiler.exe after 0.10 seconds
Refreshing native plugins compatible for Editor in 1.20 ms, found 6 plugins.
Preloading 2 native plugins for Editor in 0.25 ms.
Unloading 2987 Unused Serialized files (Serialized files now loaded: 0)
Unloading 47 unused Assets / (80.5 KB). Loaded Objects now: 3749.
Memory consumption went from 117.0 MB to 117.0 MB.
Total: 5.140500 ms (FindLiveObjects: 0.374700 ms CreateObjectMapping: 0.267800 ms MarkObjects: 4.324200 ms  DeleteObjects: 0.171900 ms)

AssetImportParameters requested are different than current active one (requested -> active):
  custom:video-decoder-ogg-theora: a1e56fd34408186e4bbccfd4996cb3dc -> 
  custom:container-muxer-webm: aa71ff27fc2769a1b78a27578f13a17b -> 
  custom:container-demuxer-webm: 4f35f7cbe854078d1ac9338744f61a02 -> 
  custom:video-encoder-webm-vp8: eb34c28f22e8b96e1ab97ce403110664 -> 
  custom:video-codec-MediaFoundation-h265: 746d11721c4dcdbdad8f713fa42b33f4 -> 
  custom:CustomObjectIndexerAttribute: bc11b3a6c3213fcdd17b65e7da85e133 -> 
  custom:audio-encoder-webm-vorbis: bf7c407c2cedff20999df2af8eb42d56 -> 
  custom:framework-win-MediaFoundation: 216162199b28c13a410421893ffa2e32 -> 
  custom:container-demuxer-ogg: 62fdf1f143b41e24485cea50d1cbac27 -> 
  custom:video-decoder-webm-vp8: 9c59270c3fd7afecdb556c50c9e8de78 -> 
  custom:audio-decoder-ogg-vorbis: bf7c407c2cedff20999df2af8eb42d56 -> 
========================================================================
Received Import Request.
  Time since last request: 3562447.859200 seconds.
  path: Assets/Dark UI/New Icons/White Dice.png
  artifactKey: Guid(64db32877a71c0540a452131b164cd4c) Importer(815301076,1909f56bfc062723c751e8b465ee728b)
Start importing Assets/Dark UI/New Icons/White Dice.png using Guid(64db32877a71c0540a452131b164cd4c) Importer(815301076,1909f56bfc062723c751e8b465ee728b)  -> (artifact id: '259b0a09d0396c4272b504d9b04f9946') in 0.242750 seconds 
========================================================================
Received Import Request.
  Time since last request: 0.000042 seconds.
  path: Assets/Dark UI/New Icons/White Down.png
  artifactKey: Guid(000994f9b9ea40c46809e33ccde989b8) Importer(815301076,1909f56bfc062723c751e8b465ee728b)
Start importing Assets/Dark UI/New Icons/White Down.png using Guid(000994f9b9ea40c46809e33ccde989b8) Importer(815301076,1909f56bfc062723c751e8b465ee728b)  -> (artifact id: '9f9ba655766f81ee6455e1c6f35ca7ca') in 0.064116 seconds 
========================================================================
Received Import Request.
  Time since last request: 0.476736 seconds.
  path: Assets/Dark UI/New Icons/White Fan.png
  artifactKey: Guid(0d13b5506e82d064bb0669ff877405ab) Importer(815301076,1909f56bfc062723c751e8b465ee728b)
Start importing Assets/Dark UI/New Icons/White Fan.png using Guid(0d13b5506e82d064bb0669ff877405ab) Importer(815301076,1909f56bfc062723c751e8b465ee728b)  -> (artifact id: '4ae02c6fdab94826e991945d736f0312') in 0.106979 seconds 
========================================================================
Received Import Request.
  Time since last request: 0.000031 seconds.
  path: Assets/Dark UI/New Icons/White Files.png
  artifactKey: Guid(d72d370ad78d6e64e9efcaddc7975de2) Importer(815301076,1909f56bfc062723c751e8b465ee728b)
Start importing Assets/Dark UI/New Icons/White Files.png using Guid(d72d370ad78d6e64e9efcaddc7975de2) Importer(815301076,1909f56bfc062723c751e8b465ee728b)  -> (artifact id: '580faf058b8eb7b292cec48892c03748') in 0.073412 seconds 
========================================================================
Received Import Request.
  Time since last request: 0.000031 seconds.
  path: Assets/Dark UI/New Icons/White Forward.png
  artifactKey: Guid(097d531661742334fa8fa4dde46ff6b9) Importer(815301076,1909f56bfc062723c751e8b465ee728b)
Start importing Assets/Dark UI/New Icons/White Forward.png using Guid(097d531661742334fa8fa4dde46ff6b9) Importer(815301076,1909f56bfc062723c751e8b465ee728b)  -> (artifact id: 'a3f81b31845479186c5d2bf4f7f13ef9') in 0.068733 seconds 
========================================================================
Received Import Request.
  Time since last request: 0.000048 seconds.
  path: Assets/Dark UI/New Icons/White Flow Sysmbol.png
  artifactKey: Guid(c6d46eb39cf9ea0478439055ee01b726) Importer(815301076,1909f56bfc062723c751e8b465ee728b)
Start importing Assets/Dark UI/New Icons/White Flow Sysmbol.png using Guid(c6d46eb39cf9ea0478439055ee01b726) Importer(815301076,1909f56bfc062723c751e8b465ee728b)  -> (artifact id: 'f404d200df8fb201ed2b01fdf0a6c26b') in 0.059467 seconds 
========================================================================
Received Import Request.
  Time since last request: 0.000032 seconds.
  path: Assets/Dark UI/New Icons/White Fish 2.png
  artifactKey: Guid(4ed054b89ed50074cbc9fc2e896ab9a5) Importer(815301076,1909f56bfc062723c751e8b465ee728b)
Start importing Assets/Dark UI/New Icons/White Fish 2.png using Guid(4ed054b89ed50074cbc9fc2e896ab9a5) Importer(815301076,1909f56bfc062723c751e8b465ee728b)  -> (artifact id: 'ff74c3f2f29dd8e63795f37afc1ac01d') in 0.059711 seconds 
========================================================================
Received Import Request.
  Time since last request: 0.360515 seconds.
  path: Assets/Dark UI/New Icons/White Globe.png
  artifactKey: Guid(a9f7b103cae6fe64dab8018e71186a2e) Importer(815301076,1909f56bfc062723c751e8b465ee728b)
Start importing Assets/Dark UI/New Icons/White Globe.png using Guid(a9f7b103cae6fe64dab8018e71186a2e) Importer(815301076,1909f56bfc062723c751e8b465ee728b)  -> (artifact id: 'dc94834e1d79d821966687f4ed27a6d4') in 0.104354 seconds 
========================================================================
Received Import Request.
  Time since last request: 0.000040 seconds.
  path: Assets/Dark UI/New Icons/White Gun.png
  artifactKey: Guid(6f96056f07249b54c9829d5de7c61021) Importer(815301076,1909f56bfc062723c751e8b465ee728b)
Start importing Assets/Dark UI/New Icons/White Gun.png using Guid(6f96056f07249b54c9829d5de7c61021) Importer(815301076,1909f56bfc062723c751e8b465ee728b)  -> (artifact id: '14f2b404a4c6e883cc69f90d5aa01c9a') in 0.066990 seconds 
========================================================================
Received Import Request.
  Time since last request: 0.029428 seconds.
  path: Assets/Dark UI/New Icons/White Heart Arrow.png
  artifactKey: Guid(8fef4bbb630501a4aafaabdd9da48f64) Importer(815301076,1909f56bfc062723c751e8b465ee728b)
Start importing Assets/Dark UI/New Icons/White Heart Arrow.png using Guid(8fef4bbb630501a4aafaabdd9da48f64) Importer(815301076,1909f56bfc062723c751e8b465ee728b)  -> (artifact id: 'e7bd11cead1405f97d5cbabaf29f518e') in 0.062101 seconds 
========================================================================
Received Import Request.
  Time since last request: 0.000026 seconds.
  path: Assets/Dark UI/New Icons/White Infinite Symbol.png
  artifactKey: Guid(99bb95cd1d5a33244be1710d440a5d50) Importer(815301076,1909f56bfc062723c751e8b465ee728b)
Start importing Assets/Dark UI/New Icons/White Infinite Symbol.png using Guid(99bb95cd1d5a33244be1710d440a5d50) Importer(815301076,1909f56bfc062723c751e8b465ee728b)  -> (artifact id: 'fdb52cdc9930df156574a3f7fa2dd7fb') in 0.062318 seconds 
========================================================================
Received Import Request.
  Time since last request: 0.000026 seconds.
  path: Assets/Dark UI/New Icons/White Hour Glass.png
  artifactKey: Guid(db9dad1771665cb498b552f7009c4823) Importer(815301076,1909f56bfc062723c751e8b465ee728b)
Start importing Assets/Dark UI/New Icons/White Hour Glass.png using Guid(db9dad1771665cb498b552f7009c4823) Importer(815301076,1909f56bfc062723c751e8b465ee728b)  -> (artifact id: '774ac69b0c2c563f9db9ea32a7bd27f1') in 0.056463 seconds 
========================================================================
Received Import Request.
  Time since last request: 0.266978 seconds.
  path: Assets/Dark UI/New Icons/White Japanese Yen.png
  artifactKey: Guid(acb80885a9120e54a901e48f061e9d9e) Importer(815301076,1909f56bfc062723c751e8b465ee728b)
Start importing Assets/Dark UI/New Icons/White Japanese Yen.png using Guid(acb80885a9120e54a901e48f061e9d9e) Importer(815301076,1909f56bfc062723c751e8b465ee728b)  -> (artifact id: 'd193639af5502578dbd029d7f540eac2') in 0.119017 seconds 
========================================================================
Received Import Request.
  Time since last request: 0.000028 seconds.
  path: Assets/Dark UI/New Icons/White Male.png
  artifactKey: Guid(005d996db1592d14ab9211c69d836f7b) Importer(815301076,1909f56bfc062723c751e8b465ee728b)
Start importing Assets/Dark UI/New Icons/White Male.png using Guid(005d996db1592d14ab9211c69d836f7b) Importer(815301076,1909f56bfc062723c751e8b465ee728b)  -> (artifact id: '2e7e2415833ae412a302d0d8d7931b1b') in 0.065948 seconds 
========================================================================
Received Import Request.
  Time since last request: 0.000030 seconds.
  path: Assets/Dark UI/New Icons/White Menu 3.png
  artifactKey: Guid(773d54018f715d74a8a79de354bac817) Importer(815301076,1909f56bfc062723c751e8b465ee728b)
Start importing Assets/Dark UI/New Icons/White Menu 3.png using Guid(773d54018f715d74a8a79de354bac817) Importer(815301076,1909f56bfc062723c751e8b465ee728b)  -> (artifact id: '6984ae145bac668ecf9a13d321d29b3b') in 0.071147 seconds 
========================================================================
Received Import Request.
  Time since last request: 0.000045 seconds.
  path: Assets/Dark UI/New Icons/White Mask.png
  artifactKey: Guid(4bd722eab7fbfe149a44edd733c6da3a) Importer(815301076,1909f56bfc062723c751e8b465ee728b)
Start importing Assets/Dark UI/New Icons/White Mask.png using Guid(4bd722eab7fbfe149a44edd733c6da3a) Importer(815301076,1909f56bfc062723c751e8b465ee728b)  -> (artifact id: '7107fdc583002e2c4138fe30c53ea8f4') in 0.060370 seconds 
========================================================================
Received Import Request.
  Time since last request: 0.000027 seconds.
  path: Assets/Dark UI/New Icons/White Location 1.png
  artifactKey: Guid(65f27128858deb84b8cee1a3a88ea099) Importer(815301076,1909f56bfc062723c751e8b465ee728b)
Start importing Assets/Dark UI/New Icons/White Location 1.png using Guid(65f27128858deb84b8cee1a3a88ea099) Importer(815301076,1909f56bfc062723c751e8b465ee728b)  -> (artifact id: 'd5de68ff1de9ed1d09998e6b973f2efa') in 0.056655 seconds 
========================================================================
Received Import Request.
  Time since last request: 0.272766 seconds.
  path: Assets/Dark UI/New Icons/White Message.png
  artifactKey: Guid(1942a53187250b94aa25ea73656f2ca1) Importer(815301076,1909f56bfc062723c751e8b465ee728b)
Start importing Assets/Dark UI/New Icons/White Message.png using Guid(1942a53187250b94aa25ea73656f2ca1) Importer(815301076,1909f56bfc062723c751e8b465ee728b)  -> (artifact id: 'f8087b9bf915be3507a42d183651acf3') in 0.064540 seconds 
========================================================================
Received Import Request.
  Time since last request: 0.000027 seconds.
  path: Assets/Dark UI/New Icons/White Mountains.png
  artifactKey: Guid(51cb959a405bfe14ab84874b95a03752) Importer(815301076,1909f56bfc062723c751e8b465ee728b)
Start importing Assets/Dark UI/New Icons/White Mountains.png using Guid(51cb959a405bfe14ab84874b95a03752) Importer(815301076,1909f56bfc062723c751e8b465ee728b)  -> (artifact id: '160361bcfd8e3c417925ce8781d81222') in 0.036110 seconds 
========================================================================
Received Import Request.
  Time since last request: 0.534287 seconds.
  path: Assets/Dark UI/New Icons/White Move UpDown.png
  artifactKey: Guid(12eec56a0c2b4c34ab3390af05886ded) Importer(815301076,1909f56bfc062723c751e8b465ee728b)
Start importing Assets/Dark UI/New Icons/White Move UpDown.png using Guid(12eec56a0c2b4c34ab3390af05886ded) Importer(815301076,1909f56bfc062723c751e8b465ee728b)  -> (artifact id: '2624d3c507de7a942c941401e31c649a') in 0.058941 seconds 
========================================================================
Received Import Request.
  Time since last request: 0.000017 seconds.
  path: Assets/Dark UI/New Icons/White Pilar.png
  artifactKey: Guid(050766841e70e9a4f88cd9b1651e1503) Importer(815301076,1909f56bfc062723c751e8b465ee728b)
Start importing Assets/Dark UI/New Icons/White Pilar.png using Guid(050766841e70e9a4f88cd9b1651e1503) Importer(815301076,1909f56bfc062723c751e8b465ee728b)  -> (artifact id: '6b6cb5e9d28e68956230796a274c8e46') in 0.043990 seconds 
========================================================================
Received Import Request.
  Time since last request: 0.000025 seconds.
  path: Assets/Dark UI/New Icons/White Pen 3.png
  artifactKey: Guid(8c692c044905f4b41986747104e4cae4) Importer(815301076,1909f56bfc062723c751e8b465ee728b)
Start importing Assets/Dark UI/New Icons/White Pen 3.png using Guid(8c692c044905f4b41986747104e4cae4) Importer(815301076,1909f56bfc062723c751e8b465ee728b)  -> (artifact id: '5b0a2343214d0376853e4e4cca050964') in 0.040907 seconds 
========================================================================
Received Import Request.
  Time since last request: 0.000037 seconds.
  path: Assets/Dark UI/New Icons/White Pop Corn.png
  artifactKey: Guid(d07e2d6c154530b4e94b2e3d99e44a64) Importer(815301076,1909f56bfc062723c751e8b465ee728b)
Start importing Assets/Dark UI/New Icons/White Pop Corn.png using Guid(d07e2d6c154530b4e94b2e3d99e44a64) Importer(815301076,1909f56bfc062723c751e8b465ee728b)  -> (artifact id: '3b977f6bab59d119b24b9a7719e9ca3f') in 0.040053 seconds 
========================================================================
Received Import Request.
  Time since last request: 0.000019 seconds.
  path: Assets/Dark UI/New Icons/White Open File.png
  artifactKey: Guid(93c1eb9de3166864aa165eba44e73edb) Importer(815301076,1909f56bfc062723c751e8b465ee728b)
Start importing Assets/Dark UI/New Icons/White Open File.png using Guid(93c1eb9de3166864aa165eba44e73edb) Importer(815301076,1909f56bfc062723c751e8b465ee728b)  -> (artifact id: '0f8c14b4d0b73aded8e1b7c695834601') in 0.038824 seconds 
========================================================================
Received Import Request.
  Time since last request: 0.000020 seconds.
  path: Assets/Dark UI/New Icons/White Percent.png
  artifactKey: Guid(cf3bffcb26345f442a14e4b7850d9732) Importer(815301076,1909f56bfc062723c751e8b465ee728b)
Start importing Assets/Dark UI/New Icons/White Percent.png using Guid(cf3bffcb26345f442a14e4b7850d9732) Importer(815301076,1909f56bfc062723c751e8b465ee728b)  -> (artifact id: '1137434ea998c2e8cfd4ae652e8569a5') in 0.033699 seconds 
========================================================================
Received Import Request.
  Time since last request: 0.000017 seconds.
  path: Assets/Dark UI/New Icons/White Paws.png
  artifactKey: Guid(765e32fcbc2432949b49e08b2d5499dc) Importer(815301076,1909f56bfc062723c751e8b465ee728b)
Start importing Assets/Dark UI/New Icons/White Paws.png using Guid(765e32fcbc2432949b49e08b2d5499dc) Importer(815301076,1909f56bfc062723c751e8b465ee728b)  -> (artifact id: '100029866562e056d93421a02ab8a0fb') in 0.040310 seconds 
========================================================================
Received Import Request.
  Time since last request: 0.420628 seconds.
  path: Assets/Dark UI/New Icons/White Pouch.png
  artifactKey: Guid(811c3208748e9d94aa65018a05d2a62b) Importer(815301076,1909f56bfc062723c751e8b465ee728b)
Start importing Assets/Dark UI/New Icons/White Pouch.png using Guid(811c3208748e9d94aa65018a05d2a62b) Importer(815301076,1909f56bfc062723c751e8b465ee728b)  -> (artifact id: '846c29fcaf981cf84a13df8758686ab9') in 0.051607 seconds 
========================================================================
Received Import Request.
  Time since last request: 0.000024 seconds.
  path: Assets/Dark UI/New Icons/White Questions.png
  artifactKey: Guid(bcbd8d8afe724be4390d5e4be2a02ba5) Importer(815301076,1909f56bfc062723c751e8b465ee728b)
Start importing Assets/Dark UI/New Icons/White Questions.png using Guid(bcbd8d8afe724be4390d5e4be2a02ba5) Importer(815301076,1909f56bfc062723c751e8b465ee728b)  -> (artifact id: 'b9981ac101c73407d9384e3cafc79f7f') in 0.043343 seconds 
========================================================================
Received Import Request.
  Time since last request: 0.567339 seconds.
  path: Assets/Dark UI/New Icons/White Rank.png
  artifactKey: Guid(aae7fb6dbd42e0a4cb58d3a93643339e) Importer(815301076,1909f56bfc062723c751e8b465ee728b)
Start importing Assets/Dark UI/New Icons/White Rank.png using Guid(aae7fb6dbd42e0a4cb58d3a93643339e) Importer(815301076,1909f56bfc062723c751e8b465ee728b)  -> (artifact id: '4846ea41dbb110774593096f5554d207') in 0.069228 seconds 
========================================================================
Received Import Request.
  Time since last request: 0.000026 seconds.
  path: Assets/Dark UI/New Icons/White Rocket.png
  artifactKey: Guid(689575f4d614a954ea41a8329a1e0c84) Importer(815301076,1909f56bfc062723c751e8b465ee728b)
Start importing Assets/Dark UI/New Icons/White Rocket.png using Guid(689575f4d614a954ea41a8329a1e0c84) Importer(815301076,1909f56bfc062723c751e8b465ee728b)  -> (artifact id: '33acf3ce1d205766493062e5b2c423ab') in 0.037756 seconds 
========================================================================
Received Import Request.
  Time since last request: 0.000033 seconds.
  path: Assets/Dark UI/New Icons/White Right.png
  artifactKey: Guid(008cf15178552a240954abd842946aec) Importer(815301076,1909f56bfc062723c751e8b465ee728b)
Start importing Assets/Dark UI/New Icons/White Right.png using Guid(008cf15178552a240954abd842946aec) Importer(815301076,1909f56bfc062723c751e8b465ee728b)  -> (artifact id: '1abed1c83877d56cdb2d5e8bf8a005bf') in 0.033342 seconds 
========================================================================
Received Import Request.
  Time since last request: 0.437503 seconds.
  path: Assets/Dark UI/New Icons/White Sad 2.png
  artifactKey: Guid(b860e7dca9b704845b229f98058259e8) Importer(815301076,1909f56bfc062723c751e8b465ee728b)
Start importing Assets/Dark UI/New Icons/White Sad 2.png using Guid(b860e7dca9b704845b229f98058259e8) Importer(815301076,1909f56bfc062723c751e8b465ee728b)  -> (artifact id: 'eda7c338271a668c326c273f1c67edd9') in 0.061628 seconds 
========================================================================
Received Import Request.
  Time since last request: 0.000026 seconds.
  path: Assets/Dark UI/New Icons/White Shield 2.png
  artifactKey: Guid(95225b98114fcf245b8992aab7f4ea5e) Importer(815301076,1909f56bfc062723c751e8b465ee728b)
Start importing Assets/Dark UI/New Icons/White Shield 2.png using Guid(95225b98114fcf245b8992aab7f4ea5e) Importer(815301076,1909f56bfc062723c751e8b465ee728b)  -> (artifact id: 'cab3fa8f0aa05ee68f481178b45540ca') in 0.043084 seconds 
========================================================================
Received Import Request.
  Time since last request: 1.119352 seconds.
  path: Assets/Dark UI/New Icons/White Site Off.png
  artifactKey: Guid(c182efda56ae45c429702afe130cc65b) Importer(815301076,1909f56bfc062723c751e8b465ee728b)
Start importing Assets/Dark UI/New Icons/White Site Off.png using Guid(c182efda56ae45c429702afe130cc65b) Importer(815301076,1909f56bfc062723c751e8b465ee728b)  -> (artifact id: 'ae8f33e85a8b8108de8776ae61b1c182') in 0.067594 seconds 
========================================================================
Received Import Request.
  Time since last request: 0.000027 seconds.
  path: Assets/Dark UI/New Icons/White Smiley.png
  artifactKey: Guid(bd0eb31f565efa9478845672908fb5c6) Importer(815301076,1909f56bfc062723c751e8b465ee728b)
Start importing Assets/Dark UI/New Icons/White Smiley.png using Guid(bd0eb31f565efa9478845672908fb5c6) Importer(815301076,1909f56bfc062723c751e8b465ee728b)  -> (artifact id: 'e3814e1e35737359acd1b6f11323c7dd') in 0.046496 seconds 
========================================================================
Received Import Request.
  Time since last request: 0.245808 seconds.
  path: Assets/Dark UI/New Icons/White Snow.png
  artifactKey: Guid(431965f51ef5de645a338af6c71e81bc) Importer(815301076,1909f56bfc062723c751e8b465ee728b)
Start importing Assets/Dark UI/New Icons/White Snow.png using Guid(431965f51ef5de645a338af6c71e81bc) Importer(815301076,1909f56bfc062723c751e8b465ee728b)  -> (artifact id: '3a2933695f68075da9c4aac6ee415271') in 0.059950 seconds 
========================================================================
Received Import Request.
  Time since last request: 0.000024 seconds.
  path: Assets/Dark UI/New Icons/White Speed.png
  artifactKey: Guid(f8b09dc77316b2a47b70781598722ed2) Importer(815301076,1909f56bfc062723c751e8b465ee728b)
Start importing Assets/Dark UI/New Icons/White Speed.png using Guid(f8b09dc77316b2a47b70781598722ed2) Importer(815301076,1909f56bfc062723c751e8b465ee728b)  -> (artifact id: '83ed5b7a764abe558be3cdae94087333') in 0.040410 seconds 
========================================================================
Received Import Request.
  Time since last request: 0.000020 seconds.
  path: Assets/Dark UI/New Icons/White Symbol 14.png
  artifactKey: Guid(53cc92633a87d6241ba0a506c3aa2194) Importer(815301076,1909f56bfc062723c751e8b465ee728b)
Start importing Assets/Dark UI/New Icons/White Symbol 14.png using Guid(53cc92633a87d6241ba0a506c3aa2194) Importer(815301076,1909f56bfc062723c751e8b465ee728b)  -> (artifact id: '6c288311047f3f24cd4ca65dcaafdebb') in 0.034157 seconds 
========================================================================
Received Import Request.
  Time since last request: 0.000024 seconds.
  path: Assets/Dark UI/New Icons/White Stop.png
  artifactKey: Guid(4f90b440147d07c45b221ca084b4aad7) Importer(815301076,1909f56bfc062723c751e8b465ee728b)
Start importing Assets/Dark UI/New Icons/White Stop.png using Guid(4f90b440147d07c45b221ca084b4aad7) Importer(815301076,1909f56bfc062723c751e8b465ee728b)  -> (artifact id: '4fe33de9282434877bf156603f7747d9') in 0.041694 seconds 
========================================================================
Received Import Request.
  Time since last request: 0.000024 seconds.
  path: Assets/Dark UI/New Icons/White Symbol 2.png
  artifactKey: Guid(0477998255a69064c826b323802fc63a) Importer(815301076,1909f56bfc062723c751e8b465ee728b)
Start importing Assets/Dark UI/New Icons/White Symbol 2.png using Guid(0477998255a69064c826b323802fc63a) Importer(815301076,1909f56bfc062723c751e8b465ee728b)  -> (artifact id: 'f3f8ebbe9c46783f734814aabd748da7') in 0.036456 seconds 
========================================================================
Received Import Request.
  Time since last request: 0.000036 seconds.
  path: Assets/Dark UI/New Icons/White Symbol 15.png
  artifactKey: Guid(3c5bc544db6f8534b98aedea8f606a5c) Importer(815301076,1909f56bfc062723c751e8b465ee728b)
Start importing Assets/Dark UI/New Icons/White Symbol 15.png using Guid(3c5bc544db6f8534b98aedea8f606a5c) Importer(815301076,1909f56bfc062723c751e8b465ee728b)  -> (artifact id: 'dc78eb7850d18f4786b52e5b2e8480bb') in 0.036566 seconds 
========================================================================
Received Import Request.
  Time since last request: 0.000021 seconds.
  path: Assets/Dark UI/New Icons/White Strength Up.png
  artifactKey: Guid(395fe610317dbca4e9b7f2cd4c50a82d) Importer(815301076,1909f56bfc062723c751e8b465ee728b)
Start importing Assets/Dark UI/New Icons/White Strength Up.png using Guid(395fe610317dbca4e9b7f2cd4c50a82d) Importer(815301076,1909f56bfc062723c751e8b465ee728b)  -> (artifact id: 'dcbf866e08f737befe0285aa1604ef84') in 0.049562 seconds 
========================================================================
Received Import Request.
  Time since last request: 0.000024 seconds.
  path: Assets/Dark UI/New Icons/White Star.png
  artifactKey: Guid(549111a49c8214749bbef8520be1612a) Importer(815301076,1909f56bfc062723c751e8b465ee728b)
Start importing Assets/Dark UI/New Icons/White Star.png using Guid(549111a49c8214749bbef8520be1612a) Importer(815301076,1909f56bfc062723c751e8b465ee728b)  -> (artifact id: 'ed491d060f238674dbf1b2c169ef30fd') in 0.035223 seconds 
========================================================================
Received Import Request.
  Time since last request: 1.339851 seconds.
  path: Assets/Dark UI/New Icons/White Symbol 20.png
  artifactKey: Guid(5cafefe993d2abd4fbe6a12eb84696e0) Importer(815301076,1909f56bfc062723c751e8b465ee728b)
Start importing Assets/Dark UI/New Icons/White Symbol 20.png using Guid(5cafefe993d2abd4fbe6a12eb84696e0) Importer(815301076,1909f56bfc062723c751e8b465ee728b)  -> (artifact id: 'cd36645e7b617bb95aa7d95a1761239f') in 0.056852 seconds 
========================================================================
Received Import Request.
  Time since last request: 0.000018 seconds.
  path: Assets/Dark UI/New Icons/White Thumb Down.png
  artifactKey: Guid(a28c8fda7a2aa6e409474cc47416ee04) Importer(815301076,1909f56bfc062723c751e8b465ee728b)
Start importing Assets/Dark UI/New Icons/White Thumb Down.png using Guid(a28c8fda7a2aa6e409474cc47416ee04) Importer(815301076,1909f56bfc062723c751e8b465ee728b)  -> (artifact id: '5ae087a5c0a4deb8a8b46a7a12edbf0b') in 0.033204 seconds 
========================================================================
Received Import Request.
  Time since last request: 0.000021 seconds.
  path: Assets/Dark UI/New Icons/White Telecom.png
  artifactKey: Guid(4e4b38bc4eb765146aaeb17ffdc95e00) Importer(815301076,1909f56bfc062723c751e8b465ee728b)
Start importing Assets/Dark UI/New Icons/White Telecom.png using Guid(4e4b38bc4eb765146aaeb17ffdc95e00) Importer(815301076,1909f56bfc062723c751e8b465ee728b)  -> (artifact id: '69fdeff6ba7f62d9e6b81cea27bbba3d') in 0.033074 seconds 
========================================================================
Received Import Request.
  Time since last request: 0.286156 seconds.
  path: Assets/Dark UI/New Icons/White Time.png
  artifactKey: Guid(a40a3560ea6b3394ca8c94f5bcebb3ef) Importer(815301076,1909f56bfc062723c751e8b465ee728b)
Start importing Assets/Dark UI/New Icons/White Time.png using Guid(a40a3560ea6b3394ca8c94f5bcebb3ef) Importer(815301076,1909f56bfc062723c751e8b465ee728b)  -> (artifact id: '11b5fc7f33b6a2d7e5c347beff6a273e') in 0.055344 seconds 
========================================================================
Received Import Request.
  Time since last request: 0.000021 seconds.
  path: Assets/Dark UI/New Icons/White Wheel.png
  artifactKey: Guid(ce9f6c745bf1a554ca9586a7a2cb01ec) Importer(815301076,1909f56bfc062723c751e8b465ee728b)
Start importing Assets/Dark UI/New Icons/White Wheel.png using Guid(ce9f6c745bf1a554ca9586a7a2cb01ec) Importer(815301076,1909f56bfc062723c751e8b465ee728b)  -> (artifact id: 'f7c3cde2942bec16410b0d19e2792812') in 0.045694 seconds 
========================================================================
Received Import Request.
  Time since last request: 0.000021 seconds.
  path: Assets/Dark UI/New Icons/White Trash Can.png
  artifactKey: Guid(f24ffe951cc9dc740886f725bd5f12bb) Importer(815301076,1909f56bfc062723c751e8b465ee728b)
Start importing Assets/Dark UI/New Icons/White Trash Can.png using Guid(f24ffe951cc9dc740886f725bd5f12bb) Importer(815301076,1909f56bfc062723c751e8b465ee728b)  -> (artifact id: '09b3018abf61922e89922b01e3a07040') in 0.043591 seconds 
========================================================================
Received Import Request.
  Time since last request: 0.000025 seconds.
  path: Assets/Dark UI/New Icons/White Zoom In.png
  artifactKey: Guid(90cefb89a4b488b4e97d6f8c01e95816) Importer(815301076,1909f56bfc062723c751e8b465ee728b)
Start importing Assets/Dark UI/New Icons/White Zoom In.png using Guid(90cefb89a4b488b4e97d6f8c01e95816) Importer(815301076,1909f56bfc062723c751e8b465ee728b)  -> (artifact id: '0e1f20e313d35be4d84d91df66ffa98f') in 0.046458 seconds 
========================================================================
Received Import Request.
  Time since last request: 0.000035 seconds.
  path: Assets/Dark UI/New Icons/White Wand.png
  artifactKey: Guid(0c5b560dccdbdd3428e3d3cadfd3bbf7) Importer(815301076,1909f56bfc062723c751e8b465ee728b)
Start importing Assets/Dark UI/New Icons/White Wand.png using Guid(0c5b560dccdbdd3428e3d3cadfd3bbf7) Importer(815301076,1909f56bfc062723c751e8b465ee728b)  -> (artifact id: '21d70334e31c9e8337425082d44ba86c') in 0.043385 seconds 
========================================================================
Received Import Request.
  Time since last request: 0.000022 seconds.
  path: Assets/Dark UI/New Icons/White Up.png
  artifactKey: Guid(65cc56111d6ed544e8f0345f9114fa1f) Importer(815301076,1909f56bfc062723c751e8b465ee728b)
Start importing Assets/Dark UI/New Icons/White Up.png using Guid(65cc56111d6ed544e8f0345f9114fa1f) Importer(815301076,1909f56bfc062723c751e8b465ee728b)  -> (artifact id: '165f7649706378186e6587e93f56fad3') in 0.037541 seconds 
Editor requested this worker to shutdown with reason: Scaling down because of idle timeout
AssetImportWorker is now disconnected from the server
Process exiting
Exiting without the bug reporter. Application will terminate with return code 0